{"numFailedTestSuites":0,"numFailedTests":0,"numPassedTestSuites":23,"numPassedTests":140,"numPendingTestSuites":0,"numPendingTests":0,"numRuntimeErrorTestSuites":0,"numTodoTests":0,"numTotalTestSuites":23,"numTotalTests":140,"openHandles":[],"snapshot":{"added":0,"didUpdate":false,"failure":false,"filesAdded":0,"filesRemoved":0,"filesRemovedList":[],"filesUnmatched":0,"filesUpdated":0,"matched":47,"total":47,"unchecked":0,"uncheckedKeysByFile":[],"unmatched":0,"updated":0},"startTime":1589597071601,"success":true,"testResults":[{"assertionResults":[{"ancestorTitles":["entities","#cloneEntities"],"failureMessages":[],"fullName":"entities #cloneEntities works","location":null,"status":"passed","title":"works"},{"ancestorTitles":["entities","#cloneEntities"],"failureMessages":[],"fullName":"entities #cloneEntities no filtering = no change","location":null,"status":"passed","title":"no filtering = no change"},{"ancestorTitles":["entities","#filterEntityRanges"],"failureMessages":[],"fullName":"entities #filterEntityRanges works","location":null,"status":"passed","title":"works"},{"ancestorTitles":["entities","#filterEntityRanges"],"failureMessages":[],"fullName":"entities #filterEntityRanges no filtering = no change","location":null,"status":"passed","title":"no filtering = no change"},{"ancestorTitles":["entities","#shouldKeepEntityType"],"failureMessages":[],"fullName":"entities #shouldKeepEntityType keep","location":null,"status":"passed","title":"keep"},{"ancestorTitles":["entities","#shouldKeepEntityType"],"failureMessages":[],"fullName":"entities #shouldKeepEntityType remove","location":null,"status":"passed","title":"remove"},{"ancestorTitles":["entities","#shouldRemoveImageEntity"],"failureMessages":[],"fullName":"entities #shouldRemoveImageEntity keep","location":null,"status":"passed","title":"keep"},{"ancestorTitles":["entities","#shouldRemoveImageEntity"],"failureMessages":[],"fullName":"entities #shouldRemoveImageEntity remove (wrong block)","location":null,"status":"passed","title":"remove (wrong block)"},{"ancestorTitles":["entities","#shouldRemoveImageEntity"],"failureMessages":[],"fullName":"entities #shouldRemoveImageEntity not an image - no opinion","location":null,"status":"passed","title":"not an image - no opinion"},{"ancestorTitles":["entities","#shouldKeepEntityByAttribute"],"failureMessages":[],"fullName":"entities #shouldKeepEntityByAttribute valid","location":null,"status":"passed","title":"valid"},{"ancestorTitles":["entities","#shouldKeepEntityByAttribute"],"failureMessages":[],"fullName":"entities #shouldKeepEntityByAttribute invalid","location":null,"status":"passed","title":"invalid"},{"ancestorTitles":["entities","#shouldKeepEntityByAttribute"],"failureMessages":[],"fullName":"entities #shouldKeepEntityByAttribute attribute not defined on entities matches undefined","location":null,"status":"passed","title":"attribute not defined on entities matches undefined"},{"ancestorTitles":["entities","#shouldKeepEntityByAttribute","multiple attributes"],"failureMessages":[],"fullName":"entities #shouldKeepEntityByAttribute multiple attributes valid","location":null,"status":"passed","title":"valid"},{"ancestorTitles":["entities","#shouldKeepEntityByAttribute","multiple attributes"],"failureMessages":[],"fullName":"entities #shouldKeepEntityByAttribute multiple attributes invalid","location":null,"status":"passed","title":"invalid"},{"ancestorTitles":["entities","#shouldKeepEntityByAttribute","attribute presence"],"failureMessages":[],"fullName":"entities #shouldKeepEntityByAttribute attribute presence requested, absent","location":null,"status":"passed","title":"requested, absent"},{"ancestorTitles":["entities","#shouldKeepEntityByAttribute","attribute presence"],"failureMessages":[],"fullName":"entities #shouldKeepEntityByAttribute attribute presence requested, present","location":null,"status":"passed","title":"requested, present"},{"ancestorTitles":["entities","#shouldKeepEntityByAttribute","attribute presence"],"failureMessages":[],"fullName":"entities #shouldKeepEntityByAttribute attribute presence requested out, absent","location":null,"status":"passed","title":"requested out, absent"},{"ancestorTitles":["entities","#shouldKeepEntityByAttribute","attribute presence"],"failureMessages":[],"fullName":"entities #shouldKeepEntityByAttribute attribute presence requested out, present","location":null,"status":"passed","title":"requested out, present"},{"ancestorTitles":["entities","#shouldKeepEntityByAttribute","defaults"],"failureMessages":[],"fullName":"entities #shouldKeepEntityByAttribute defaults missing config","location":null,"status":"passed","title":"missing config"},{"ancestorTitles":["entities","#shouldKeepEntityByAttribute","defaults"],"failureMessages":[],"fullName":"entities #shouldKeepEntityByAttribute defaults no whitelist","location":null,"status":"passed","title":"no whitelist"},{"ancestorTitles":["entities","#filterEntityData"],"failureMessages":[],"fullName":"entities #filterEntityData works","location":null,"status":"passed","title":"works"},{"ancestorTitles":["entities","#filterEntityData"],"failureMessages":[],"fullName":"entities #filterEntityData no filtering = no change","location":null,"status":"passed","title":"no filtering = no change"},{"ancestorTitles":["entities","#filterEntityData","defaults"],"failureMessages":[],"fullName":"entities #filterEntityData defaults missing config","location":null,"status":"passed","title":"missing config"},{"ancestorTitles":["entities","#filterEntityData","defaults"],"failureMessages":[],"fullName":"entities #filterEntityData defaults no whitelist","location":null,"status":"passed","title":"no whitelist"}],"endTime":1589597074538,"message":"","name":"/home/travis/build/thibaudcolas/draftjs-filters/src/lib/filters/entities.test.js","startTime":1589597072145,"status":"passed","summary":""},{"assertionResults":[{"ancestorTitles":["selection","#applyContentWithSelection"],"failureMessages":[],"fullName":"selection #applyContentWithSelection does not alter editorState if content is the same before / after filters","location":null,"status":"passed","title":"does not alter editorState if content is the same before / after filters"},{"ancestorTitles":["selection","#applyContentWithSelection"],"failureMessages":[],"fullName":"selection #applyContentWithSelection inserts a block if there is none left, with selection on it","location":null,"status":"passed","title":"inserts a block if there is none left, with selection on it"},{"ancestorTitles":["selection","#applyContentWithSelection"],"failureMessages":[],"fullName":"selection #applyContentWithSelection does not change selection if valid","location":null,"status":"passed","title":"does not change selection if valid"},{"ancestorTitles":["selection","#applyContentWithSelection"],"failureMessages":[],"fullName":"selection #applyContentWithSelection does not change selection if not collapsed","location":null,"status":"passed","title":"does not change selection if not collapsed"},{"ancestorTitles":["selection","#applyContentWithSelection"],"failureMessages":[],"fullName":"selection #applyContentWithSelection works for the last block","location":null,"status":"passed","title":"works for the last block"},{"ancestorTitles":["selection","#applyContentWithSelection"],"failureMessages":[],"fullName":"selection #applyContentWithSelection works on a random block","location":null,"status":"passed","title":"works on a random block"},{"ancestorTitles":["selection","#applyContentWithSelection"],"failureMessages":[],"fullName":"selection #applyContentWithSelection works with multiple blocks removed","location":null,"status":"passed","title":"works with multiple blocks removed"},{"ancestorTitles":["selection","#applyContentWithSelection"],"failureMessages":[],"fullName":"selection #applyContentWithSelection works with consecutive blocks removed","location":null,"status":"passed","title":"works with consecutive blocks removed"},{"ancestorTitles":["selection","#applyContentWithSelection"],"failureMessages":[],"fullName":"selection #applyContentWithSelection fail-safe if new selection location cannot be determined","location":null,"status":"passed","title":"fail-safe if new selection location cannot be determined"}],"endTime":1589597075313,"message":"","name":"/home/travis/build/thibaudcolas/draftjs-filters/src/lib/filters/selection.test.js","startTime":1589597074555,"status":"passed","summary":""},{"assertionResults":[{"ancestorTitles":["editor","#filterEditorState"],"failureMessages":[],"fullName":"editor #filterEditorState works","location":null,"status":"passed","title":"works"},{"ancestorTitles":["editor","#filterEditorState"],"failureMessages":[],"fullName":"editor #filterEditorState no normalisation = no change","location":null,"status":"passed","title":"no normalisation = no change"},{"ancestorTitles":["editor","#filterEditorState","does not introduce filterable content during filtering"],"failureMessages":[],"fullName":"editor #filterEditorState does not introduce filterable content during filtering works","location":null,"status":"passed","title":"works"},{"ancestorTitles":["editor","#filterEditorState","does not introduce filterable content during filtering"],"failureMessages":[],"fullName":"editor #filterEditorState does not introduce filterable content during filtering in particular with list items","location":null,"status":"passed","title":"in particular with list items"},{"ancestorTitles":["editor","#filterEditorState"],"failureMessages":[],"fullName":"editor #filterEditorState #blockTextRules can be overriden (#65)","location":null,"status":"passed","title":"#blockTextRules can be overriden (#65)"}],"endTime":1589597075666,"message":"","name":"/home/travis/build/thibaudcolas/draftjs-filters/src/lib/filters/editor.test.js","startTime":1589597075332,"status":"passed","summary":""},{"assertionResults":[{"ancestorTitles":["blocks","#removeInvalidDepthBlocks"],"failureMessages":[],"fullName":"blocks #removeInvalidDepthBlocks normalises depth to a given number","location":null,"status":"passed","title":"normalises depth to a given number"},{"ancestorTitles":["blocks","#removeInvalidDepthBlocks"],"failureMessages":[],"fullName":"blocks #removeInvalidDepthBlocks no normalisation = no change","location":null,"status":"passed","title":"no normalisation = no change"},{"ancestorTitles":["blocks","#limitBlockDepth"],"failureMessages":[],"fullName":"blocks #limitBlockDepth normalises depth to a given number","location":null,"status":"passed","title":"normalises depth to a given number"},{"ancestorTitles":["blocks","#limitBlockDepth"],"failureMessages":[],"fullName":"blocks #limitBlockDepth no normalisation = no change","location":null,"status":"passed","title":"no normalisation = no change"},{"ancestorTitles":["blocks","#preserveBlockByText"],"failureMessages":[],"fullName":"blocks #preserveBlockByText works","location":null,"status":"passed","title":"works"},{"ancestorTitles":["blocks","#preserveBlockByText"],"failureMessages":[],"fullName":"blocks #preserveBlockByText no normalisation = no change","location":null,"status":"passed","title":"no normalisation = no change"},{"ancestorTitles":["blocks","#filterBlockTypes"],"failureMessages":[],"fullName":"blocks #filterBlockTypes works","location":null,"status":"passed","title":"works"},{"ancestorTitles":["blocks","#filterBlockTypes"],"failureMessages":[],"fullName":"blocks #filterBlockTypes no normalisation = no change","location":null,"status":"passed","title":"no normalisation = no change"}],"endTime":1589597075899,"message":"","name":"/home/travis/build/thibaudcolas/draftjs-filters/src/lib/filters/blocks.test.js","startTime":1589597075679,"status":"passed","summary":""},{"assertionResults":[{"ancestorTitles":["No paste"],"failureMessages":[],"fullName":"No paste does not alter content entered manually","location":null,"status":"passed","title":"does not alter content entered manually"}],"endTime":1589597076263,"message":"","name":"/home/travis/build/thibaudcolas/draftjs-filters/src/tests/no-paste.test.js","startTime":1589597075908,"status":"passed","summary":""},{"assertionResults":[{"ancestorTitles":["FilterableEditor"],"failureMessages":[],"fullName":"FilterableEditor renders","location":null,"status":"passed","title":"renders"},{"ancestorTitles":["FilterableEditor","#extended"],"failureMessages":[],"fullName":"FilterableEditor #extended works","location":null,"status":"passed","title":"works"},{"ancestorTitles":["FilterableEditor","#extended"],"failureMessages":[],"fullName":"FilterableEditor #extended save feature","location":null,"status":"passed","title":"save feature"},{"ancestorTitles":["FilterableEditor","onChange"],"failureMessages":[],"fullName":"FilterableEditor onChange works","location":null,"status":"passed","title":"works"},{"ancestorTitles":["FilterableEditor","onChange"],"failureMessages":[],"fullName":"FilterableEditor onChange #filtered","location":null,"status":"passed","title":"#filtered"},{"ancestorTitles":["FilterableEditor","onChange"],"failureMessages":[],"fullName":"FilterableEditor onChange #filtered shouldFilterPaste","location":null,"status":"passed","title":"#filtered shouldFilterPaste"},{"ancestorTitles":["FilterableEditor","onChange"],"failureMessages":[],"fullName":"FilterableEditor onChange #filtered shouldFilterPaste #extended","location":null,"status":"passed","title":"#filtered shouldFilterPaste #extended"},{"ancestorTitles":["FilterableEditor"],"failureMessages":[],"fullName":"FilterableEditor toggleStyle","location":null,"status":"passed","title":"toggleStyle"},{"ancestorTitles":["FilterableEditor"],"failureMessages":[],"fullName":"FilterableEditor toggleBlock","location":null,"status":"passed","title":"toggleBlock"},{"ancestorTitles":["FilterableEditor"],"failureMessages":[],"fullName":"FilterableEditor toggleEntity - LINK","location":null,"status":"passed","title":"toggleEntity - LINK"},{"ancestorTitles":["FilterableEditor"],"failureMessages":[],"fullName":"FilterableEditor toggleEntity - IMAGE","location":null,"status":"passed","title":"toggleEntity - IMAGE"},{"ancestorTitles":["FilterableEditor"],"failureMessages":[],"fullName":"FilterableEditor blockRenderer","location":null,"status":"passed","title":"blockRenderer"},{"ancestorTitles":["FilterableEditor","onTab"],"failureMessages":[],"fullName":"FilterableEditor onTab works","location":null,"status":"passed","title":"works"},{"ancestorTitles":["FilterableEditor","onTab"],"failureMessages":[],"fullName":"FilterableEditor onTab #extended","location":null,"status":"passed","title":"#extended"},{"ancestorTitles":["FilterableEditor","handleKeyCommand"],"failureMessages":[],"fullName":"FilterableEditor handleKeyCommand draftjs internal, handled","location":null,"status":"passed","title":"draftjs internal, handled"},{"ancestorTitles":["FilterableEditor","handleKeyCommand"],"failureMessages":[],"fullName":"FilterableEditor handleKeyCommand draftjs internal, not handled","location":null,"status":"passed","title":"draftjs internal, not handled"}],"endTime":1589597076858,"message":"","name":"/home/travis/build/thibaudcolas/draftjs-filters/src/demo/components/FilterableEditor.test.js","startTime":1589597076281,"status":"passed","summary":""},{"assertionResults":[{"ancestorTitles":["atomic","#preserveAtomicBlocks"],"failureMessages":[],"fullName":"atomic #preserveAtomicBlocks works","location":null,"status":"passed","title":"works"},{"ancestorTitles":["atomic","#preserveAtomicBlocks"],"failureMessages":[],"fullName":"atomic #preserveAtomicBlocks no normalisation = no change","location":null,"status":"passed","title":"no normalisation = no change"},{"ancestorTitles":["atomic","#resetAtomicBlocks"],"failureMessages":[],"fullName":"atomic #resetAtomicBlocks works","location":null,"status":"passed","title":"works"},{"ancestorTitles":["atomic","#resetAtomicBlocks"],"failureMessages":[],"fullName":"atomic #resetAtomicBlocks no filtering = no change","location":null,"status":"passed","title":"no filtering = no change"},{"ancestorTitles":["atomic","#removeInvalidAtomicBlocks"],"failureMessages":[],"fullName":"atomic #removeInvalidAtomicBlocks works","location":null,"status":"passed","title":"works"},{"ancestorTitles":["atomic","#removeInvalidAtomicBlocks"],"failureMessages":[],"fullName":"atomic #removeInvalidAtomicBlocks no filtering = no change","location":null,"status":"passed","title":"no filtering = no change"}],"endTime":1589597077041,"message":"","name":"/home/travis/build/thibaudcolas/draftjs-filters/src/lib/filters/atomic.test.js","startTime":1589597076889,"status":"passed","summary":""},{"assertionResults":[{"ancestorTitles":["SentryBoundary"],"failureMessages":[],"fullName":"SentryBoundary renders","location":null,"status":"passed","title":"renders"},{"ancestorTitles":["SentryBoundary"],"failureMessages":[],"fullName":"SentryBoundary componentDidCatch","location":null,"status":"passed","title":"componentDidCatch"},{"ancestorTitles":["SentryBoundary"],"failureMessages":[],"fullName":"SentryBoundary componentDidCatch Raven","location":null,"status":"passed","title":"componentDidCatch Raven"},{"ancestorTitles":["SentryBoundary"],"failureMessages":[],"fullName":"SentryBoundary #error","location":null,"status":"passed","title":"#error"},{"ancestorTitles":["SentryBoundary"],"failureMessages":[],"fullName":"SentryBoundary #error reload","location":null,"status":"passed","title":"#error reload"},{"ancestorTitles":["SentryBoundary"],"failureMessages":[],"fullName":"SentryBoundary #error Raven","location":null,"status":"passed","title":"#error Raven"},{"ancestorTitles":["SentryBoundary"],"failureMessages":[],"fullName":"SentryBoundary #error Raven report","location":null,"status":"passed","title":"#error Raven report"}],"endTime":1589597077348,"message":"","name":"/home/travis/build/thibaudcolas/draftjs-filters/src/demo/components/SentryBoundary.test.js","startTime":1589597077056,"status":"passed","summary":""},{"assertionResults":[{"ancestorTitles":["draftjs-filters"],"failureMessages":[],"fullName":"draftjs-filters preserveAtomicBlocks","location":null,"status":"passed","title":"preserveAtomicBlocks"},{"ancestorTitles":["draftjs-filters"],"failureMessages":[],"fullName":"draftjs-filters resetAtomicBlocks","location":null,"status":"passed","title":"resetAtomicBlocks"},{"ancestorTitles":["draftjs-filters"],"failureMessages":[],"fullName":"draftjs-filters removeInvalidAtomicBlocks","location":null,"status":"passed","title":"removeInvalidAtomicBlocks"},{"ancestorTitles":["draftjs-filters"],"failureMessages":[],"fullName":"draftjs-filters removeInvalidDepthBlocks","location":null,"status":"passed","title":"removeInvalidDepthBlocks"},{"ancestorTitles":["draftjs-filters"],"failureMessages":[],"fullName":"draftjs-filters limitBlockDepth","location":null,"status":"passed","title":"limitBlockDepth"},{"ancestorTitles":["draftjs-filters"],"failureMessages":[],"fullName":"draftjs-filters preserveBlockByText","location":null,"status":"passed","title":"preserveBlockByText"},{"ancestorTitles":["draftjs-filters"],"failureMessages":[],"fullName":"draftjs-filters filterBlockTypes","location":null,"status":"passed","title":"filterBlockTypes"},{"ancestorTitles":["draftjs-filters"],"failureMessages":[],"fullName":"draftjs-filters filterInlineStyles","location":null,"status":"passed","title":"filterInlineStyles"},{"ancestorTitles":["draftjs-filters"],"failureMessages":[],"fullName":"draftjs-filters cloneEntities","location":null,"status":"passed","title":"cloneEntities"},{"ancestorTitles":["draftjs-filters"],"failureMessages":[],"fullName":"draftjs-filters filterEntityRanges","location":null,"status":"passed","title":"filterEntityRanges"},{"ancestorTitles":["draftjs-filters"],"failureMessages":[],"fullName":"draftjs-filters shouldKeepEntityType","location":null,"status":"passed","title":"shouldKeepEntityType"},{"ancestorTitles":["draftjs-filters"],"failureMessages":[],"fullName":"draftjs-filters shouldRemoveImageEntity","location":null,"status":"passed","title":"shouldRemoveImageEntity"},{"ancestorTitles":["draftjs-filters"],"failureMessages":[],"fullName":"draftjs-filters filterEntityData","location":null,"status":"passed","title":"filterEntityData"},{"ancestorTitles":["draftjs-filters"],"failureMessages":[],"fullName":"draftjs-filters replaceTextBySpaces","location":null,"status":"passed","title":"replaceTextBySpaces"},{"ancestorTitles":["draftjs-filters"],"failureMessages":[],"fullName":"draftjs-filters applyContentWithSelection","location":null,"status":"passed","title":"applyContentWithSelection"},{"ancestorTitles":["draftjs-filters"],"failureMessages":[],"fullName":"draftjs-filters filterEditorState","location":null,"status":"passed","title":"filterEditorState"}],"endTime":1589597077531,"message":"","name":"/home/travis/build/thibaudcolas/draftjs-filters/src/lib/index.test.js","startTime":1589597077358,"status":"passed","summary":""},{"assertionResults":[{"ancestorTitles":["Link"],"failureMessages":[],"fullName":"Link renders","location":null,"status":"passed","title":"renders"},{"ancestorTitles":["linkStrategy"],"failureMessages":[],"fullName":"linkStrategy works","location":null,"status":"passed","title":"works"}],"endTime":1589597077688,"message":"","name":"/home/travis/build/thibaudcolas/draftjs-filters/src/demo/components/Link.test.js","startTime":1589597077543,"status":"passed","summary":""},{"assertionResults":[{"ancestorTitles":["text","#replaceTextBySpaces"],"failureMessages":[],"fullName":"text #replaceTextBySpaces works","location":null,"status":"passed","title":"works"},{"ancestorTitles":["text"],"failureMessages":[],"fullName":"text no filtering = no change","location":null,"status":"passed","title":"no filtering = no change"}],"endTime":1589597077818,"message":"","name":"/home/travis/build/thibaudcolas/draftjs-filters/src/lib/filters/text.test.js","startTime":1589597077696,"status":"passed","summary":""},{"assertionResults":[{"ancestorTitles":["styles","#filterInlineStyles"],"failureMessages":[],"fullName":"styles #filterInlineStyles works","location":null,"status":"passed","title":"works"},{"ancestorTitles":["styles","#filterInlineStyles"],"failureMessages":[],"fullName":"styles #filterInlineStyles no filtering = no change","location":null,"status":"passed","title":"no filtering = no change"}],"endTime":1589597077952,"message":"","name":"/home/travis/build/thibaudcolas/draftjs-filters/src/lib/filters/styles.test.js","startTime":1589597077826,"status":"passed","summary":""},{"assertionResults":[{"ancestorTitles":["Image"],"failureMessages":[],"fullName":"Image renders","location":null,"status":"passed","title":"renders"},{"ancestorTitles":["Image"],"failureMessages":[],"fullName":"Image no entity","location":null,"status":"passed","title":"no entity"}],"endTime":1589597078078,"message":"","name":"/home/travis/build/thibaudcolas/draftjs-filters/src/demo/components/Image.test.js","startTime":1589597077960,"status":"passed","summary":""},{"assertionResults":[{"ancestorTitles":["Highlight"],"failureMessages":[],"fullName":"Highlight renders","location":null,"status":"passed","title":"renders"},{"ancestorTitles":["Highlight"],"failureMessages":[],"fullName":"Highlight onCopy","location":null,"status":"passed","title":"onCopy"}],"endTime":1589597078188,"message":"","name":"/home/travis/build/thibaudcolas/draftjs-filters/src/demo/components/Highlight.test.js","startTime":1589597078087,"status":"passed","summary":""},{"assertionResults":[{"ancestorTitles":["demo"],"failureMessages":[],"fullName":"demo mount","location":null,"status":"passed","title":"mount"},{"ancestorTitles":["demo"],"failureMessages":[],"fullName":"demo no mount","location":null,"status":"passed","title":"no mount"}],"endTime":1589597078475,"message":"","name":"/home/travis/build/thibaudcolas/draftjs-filters/src/demo/index.test.js","startTime":1589597078196,"status":"passed","summary":""},{"assertionResults":[{"ancestorTitles":["Microsoft Word"],"failureMessages":[],"fullName":"Microsoft Word word2010-chrome62-win81","location":null,"status":"passed","title":"word2010-chrome62-win81"},{"ancestorTitles":["Microsoft Word"],"failureMessages":[],"fullName":"Microsoft Word word2010-firefox57-win81","location":null,"status":"passed","title":"word2010-firefox57-win81"},{"ancestorTitles":["Microsoft Word"],"failureMessages":[],"fullName":"Microsoft Word word2010-ie11-noequation-strippastedstyles-win81","location":null,"status":"passed","title":"word2010-ie11-noequation-strippastedstyles-win81"},{"ancestorTitles":["Microsoft Word"],"failureMessages":[],"fullName":"Microsoft Word word2010-ie11-noequation-win81","location":null,"status":"passed","title":"word2010-ie11-noequation-win81"},{"ancestorTitles":["Microsoft Word"],"failureMessages":[],"fullName":"Microsoft Word word-safari-ios11","location":null,"status":"passed","title":"word-safari-ios11"}],"endTime":1589597079616,"message":"","name":"/home/travis/build/thibaudcolas/draftjs-filters/src/tests/word.test.js","startTime":1589597078494,"status":"passed","summary":""},{"assertionResults":[{"ancestorTitles":["Dropbox Paper"],"failureMessages":[],"fullName":"Dropbox Paper dropboxpaper-chrome62-macos1013","location":null,"status":"passed","title":"dropboxpaper-chrome62-macos1013"},{"ancestorTitles":["Dropbox Paper"],"failureMessages":[],"fullName":"Dropbox Paper dropboxpaper-chrome62-win81","location":null,"status":"passed","title":"dropboxpaper-chrome62-win81"},{"ancestorTitles":["Dropbox Paper"],"failureMessages":[],"fullName":"Dropbox Paper dropboxpaper-edge16-win10","location":null,"status":"passed","title":"dropboxpaper-edge16-win10"},{"ancestorTitles":["Dropbox Paper"],"failureMessages":[],"fullName":"Dropbox Paper dropboxpaper-firefox57-macos1013","location":null,"status":"passed","title":"dropboxpaper-firefox57-macos1013"},{"ancestorTitles":["Dropbox Paper"],"failureMessages":[],"fullName":"Dropbox Paper dropboxpaper-firefox57-win81","location":null,"status":"passed","title":"dropboxpaper-firefox57-win81"},{"ancestorTitles":["Dropbox Paper"],"failureMessages":[],"fullName":"Dropbox Paper dropboxpaper-ie11-unsupported-strippastedstyles-win81","location":null,"status":"passed","title":"dropboxpaper-ie11-unsupported-strippastedstyles-win81"},{"ancestorTitles":["Dropbox Paper"],"failureMessages":[],"fullName":"Dropbox Paper dropboxpaper-ie11-unsupported-win81","location":null,"status":"passed","title":"dropboxpaper-ie11-unsupported-win81"},{"ancestorTitles":["Dropbox Paper"],"failureMessages":[],"fullName":"Dropbox Paper dropboxpaper-safari-ios11","location":null,"status":"passed","title":"dropboxpaper-safari-ios11"},{"ancestorTitles":["Dropbox Paper"],"failureMessages":[],"fullName":"Dropbox Paper dropboxpaper-safari11-macos1013","location":null,"status":"passed","title":"dropboxpaper-safari11-macos1013"}],"endTime":1589597080946,"message":"","name":"/home/travis/build/thibaudcolas/draftjs-filters/src/tests/paper.test.js","startTime":1589597079632,"status":"passed","summary":""},{"assertionResults":[{"ancestorTitles":["Word Online"],"failureMessages":[],"fullName":"Word Online wordonline-chrome62-macos1013","location":null,"status":"passed","title":"wordonline-chrome62-macos1013"},{"ancestorTitles":["Word Online"],"failureMessages":[],"fullName":"Word Online wordonline-chrome62-win81","location":null,"status":"passed","title":"wordonline-chrome62-win81"},{"ancestorTitles":["Word Online"],"failureMessages":[],"fullName":"Word Online wordonline-edge16-win10","location":null,"status":"passed","title":"wordonline-edge16-win10"},{"ancestorTitles":["Word Online"],"failureMessages":[],"fullName":"Word Online wordonline-firefox57-macos1013","location":null,"status":"passed","title":"wordonline-firefox57-macos1013"},{"ancestorTitles":["Word Online"],"failureMessages":[],"fullName":"Word Online wordonline-firefox57-win81","location":null,"status":"passed","title":"wordonline-firefox57-win81"},{"ancestorTitles":["Word Online"],"failureMessages":[],"fullName":"Word Online wordonline-safari11-macos1013","location":null,"status":"passed","title":"wordonline-safari11-macos1013"}],"endTime":1589597081999,"message":"","name":"/home/travis/build/thibaudcolas/draftjs-filters/src/tests/wordonline.test.js","startTime":1589597080965,"status":"passed","summary":""},{"assertionResults":[{"ancestorTitles":["Apple Pages"],"failureMessages":[],"fullName":"Apple Pages applepages-chrome62-macos1013","location":null,"status":"passed","title":"applepages-chrome62-macos1013"},{"ancestorTitles":["Apple Pages"],"failureMessages":[],"fullName":"Apple Pages applepages-firefox57-macos1013","location":null,"status":"passed","title":"applepages-firefox57-macos1013"},{"ancestorTitles":["Apple Pages"],"failureMessages":[],"fullName":"Apple Pages applepages-safari-ios11","location":null,"status":"passed","title":"applepages-safari-ios11"},{"ancestorTitles":["Apple Pages"],"failureMessages":[],"fullName":"Apple Pages applepages-safari11-macos1013","location":null,"status":"passed","title":"applepages-safari11-macos1013"}],"endTime":1589597082829,"message":"","name":"/home/travis/build/thibaudcolas/draftjs-filters/src/tests/pages.test.js","startTime":1589597082017,"status":"passed","summary":""},{"assertionResults":[{"ancestorTitles":["Google Docs"],"failureMessages":[],"fullName":"Google Docs googledocs-chrome62-macos1013","location":null,"status":"passed","title":"googledocs-chrome62-macos1013"},{"ancestorTitles":["Google Docs"],"failureMessages":[],"fullName":"Google Docs googledocs-chrome62-win81","location":null,"status":"passed","title":"googledocs-chrome62-win81"},{"ancestorTitles":["Google Docs"],"failureMessages":[],"fullName":"Google Docs googledocs-edge16-win10","location":null,"status":"passed","title":"googledocs-edge16-win10"},{"ancestorTitles":["Google Docs"],"failureMessages":[],"fullName":"Google Docs googledocs-firefox57-macos1013","location":null,"status":"passed","title":"googledocs-firefox57-macos1013"},{"ancestorTitles":["Google Docs"],"failureMessages":[],"fullName":"Google Docs googledocs-firefox57-win81","location":null,"status":"passed","title":"googledocs-firefox57-win81"},{"ancestorTitles":["Google Docs"],"failureMessages":[],"fullName":"Google Docs googledocs-ie11-strippastedstyles-win81","location":null,"status":"passed","title":"googledocs-ie11-strippastedstyles-win81"},{"ancestorTitles":["Google Docs"],"failureMessages":[],"fullName":"Google Docs googledocs-ie11-win81","location":null,"status":"passed","title":"googledocs-ie11-win81"},{"ancestorTitles":["Google Docs"],"failureMessages":[],"fullName":"Google Docs googledocs-safari-ios11","location":null,"status":"passed","title":"googledocs-safari-ios11"},{"ancestorTitles":["Google Docs"],"failureMessages":[],"fullName":"Google Docs googledocs-safari11-macos1013","location":null,"status":"passed","title":"googledocs-safari11-macos1013"}],"endTime":1589597084114,"message":"","name":"/home/travis/build/thibaudcolas/draftjs-filters/src/tests/docs.test.js","startTime":1589597082840,"status":"passed","summary":""},{"assertionResults":[{"ancestorTitles":["Draft.js"],"failureMessages":[],"fullName":"Draft.js draftjs-chrome64-macos1013","location":null,"status":"passed","title":"draftjs-chrome64-macos1013"}],"endTime":1589597084373,"message":"","name":"/home/travis/build/thibaudcolas/draftjs-filters/src/tests/draftjs.test.js","startTime":1589597084131,"status":"passed","summary":""},{"assertionResults":[{"ancestorTitles":["App"],"failureMessages":[],"fullName":"App renders","location":null,"status":"passed","title":"renders"}],"endTime":1589597084509,"message":"","name":"/home/travis/build/thibaudcolas/draftjs-filters/src/demo/components/App.test.js","startTime":1589597084388,"status":"passed","summary":""},{"assertionResults":[{"ancestorTitles":["CRA entry"],"failureMessages":[],"fullName":"CRA entry no errors","location":null,"status":"passed","title":"no errors"}],"endTime":1589597084652,"message":"","name":"/home/travis/build/thibaudcolas/draftjs-filters/src/index.test.js","startTime":1589597084522,"status":"passed","summary":""}],"wasInterrupted":false,"coverageMap":{"/home/travis/build/thibaudcolas/draftjs-filters/src/lib/filters/entities.js":{"path":"/home/travis/build/thibaudcolas/draftjs-filters/src/lib/filters/entities.js","statementMap":{"0":{"start":{"line":10,"column":29},"end":{"line":68,"column":1}},"1":{"start":{"line":11,"column":19},"end":{"line":11,"column":26}},"2":{"start":{"line":12,"column":19},"end":{"line":12,"column":43}},"3":{"start":{"line":14,"column":30},"end":{"line":14,"column":32}},"4":{"start":{"line":17,"column":28},"end":{"line":29,"column":3}},"5":{"start":{"line":18,"column":16},"end":{"line":18,"column":37}},"6":{"start":{"line":20,"column":4},"end":{"line":26,"column":5}},"7":{"start":{"line":21,"column":6},"end":{"line":23,"column":7}},"8":{"start":{"line":22,"column":8},"end":{"line":22,"column":19}},"9":{"start":{"line":25,"column":6},"end":{"line":25,"column":35}},"10":{"start":{"line":28,"column":4},"end":{"line":28,"column":16}},"11":{"start":{"line":32,"column":17},"end":{"line":63,"column":4}},"12":{"start":{"line":33,"column":19},"end":{"line":33,"column":43}},"13":{"start":{"line":34,"column":18},"end":{"line":34,"column":23}},"14":{"start":{"line":37,"column":33},"end":{"line":58,"column":5}},"15":{"start":{"line":38,"column":18},"end":{"line":38,"column":49}},"16":{"start":{"line":39,"column":21},"end":{"line":39,"column":46}},"17":{"start":{"line":41,"column":6},"end":{"line":45,"column":7}},"18":{"start":{"line":46,"column":21},"end":{"line":46,"column":57}},"19":{"start":{"line":49,"column":6},"end":{"line":55,"column":8}},"20":{"start":{"line":50,"column":8},"end":{"line":52,"column":9}},"21":{"start":{"line":51,"column":10},"end":{"line":51,"column":60}},"22":{"start":{"line":54,"column":8},"end":{"line":54,"column":19}},"23":{"start":{"line":57,"column":6},"end":{"line":57,"column":20}},"24":{"start":{"line":60,"column":4},"end":{"line":60,"column":67}},"25":{"start":{"line":62,"column":4},"end":{"line":62,"column":65}},"26":{"start":{"line":65,"column":2},"end":{"line":67,"column":4}},"27":{"start":{"line":77,"column":34},"end":{"line":119,"column":1}},"28":{"start":{"line":85,"column":19},"end":{"line":85,"column":40}},"29":{"start":{"line":95,"column":17},"end":{"line":114,"column":4}},"30":{"start":{"line":96,"column":18},"end":{"line":96,"column":23}},"31":{"start":{"line":98,"column":18},"end":{"line":111,"column":6}},"32":{"start":{"line":99,"column":24},"end":{"line":99,"column":40}},"33":{"start":{"line":101,"column":6},"end":{"line":108,"column":7}},"34":{"start":{"line":102,"column":29},"end":{"line":102,"column":65}},"35":{"start":{"line":104,"column":8},"end":{"line":107,"column":9}},"36":{"start":{"line":105,"column":10},"end":{"line":105,"column":24}},"37":{"start":{"line":106,"column":10},"end":{"line":106,"column":58}},"38":{"start":{"line":110,"column":6},"end":{"line":110,"column":17}},"39":{"start":{"line":113,"column":4},"end":{"line":113,"column":62}},"40":{"start":{"line":116,"column":2},"end":{"line":118,"column":4}},"41":{"start":{"line":124,"column":36},"end":{"line":129,"column":1}},"42":{"start":{"line":128,"column":2},"end":{"line":128,"column":47}},"43":{"start":{"line":128,"column":31},"end":{"line":128,"column":46}},"44":{"start":{"line":135,"column":39},"end":{"line":140,"column":1}},"45":{"start":{"line":139,"column":2},"end":{"line":139,"column":53}},"46":{"start":{"line":145,"column":43},"end":{"line":172,"column":1}},"47":{"start":{"line":155,"column":17},"end":{"line":155,"column":63}},"48":{"start":{"line":155,"column":41},"end":{"line":155,"column":62}},"49":{"start":{"line":157,"column":20},"end":{"line":157,"column":70}},"50":{"start":{"line":159,"column":18},"end":{"line":169,"column":4}},"51":{"start":{"line":160,"column":18},"end":{"line":160,"column":33}},"52":{"start":{"line":162,"column":4},"end":{"line":166,"column":5}},"53":{"start":{"line":163,"column":22},"end":{"line":163,"column":47}},"54":{"start":{"line":165,"column":6},"end":{"line":165,"column":39}},"55":{"start":{"line":168,"column":4},"end":{"line":168,"column":45}},"56":{"start":{"line":171,"column":2},"end":{"line":171,"column":16}},"57":{"start":{"line":179,"column":32},"end":{"line":223,"column":1}},"58":{"start":{"line":186,"column":19},"end":{"line":186,"column":26}},"59":{"start":{"line":187,"column":19},"end":{"line":187,"column":21}},"60":{"start":{"line":189,"column":2},"end":{"line":197,"column":4}},"61":{"start":{"line":190,"column":4},"end":{"line":196,"column":6}},"62":{"start":{"line":191,"column":24},"end":{"line":191,"column":40}},"63":{"start":{"line":192,"column":6},"end":{"line":195,"column":7}},"64":{"start":{"line":193,"column":23},"end":{"line":193,"column":54}},"65":{"start":{"line":194,"column":8},"end":{"line":194,"column":36}},"66":{"start":{"line":199,"column":2},"end":{"line":220,"column":4}},"67":{"start":{"line":200,"column":19},"end":{"line":200,"column":32}},"68":{"start":{"line":201,"column":17},"end":{"line":201,"column":33}},"69":{"start":{"line":202,"column":19},"end":{"line":202,"column":71}},"70":{"start":{"line":202,"column":43},"end":{"line":202,"column":70}},"71":{"start":{"line":203,"column":22},"end":{"line":203,"column":55}},"72":{"start":{"line":206,"column":4},"end":{"line":208,"column":5}},"73":{"start":{"line":207,"column":6},"end":{"line":207,"column":17}},"74":{"start":{"line":210,"column":20},"end":{"line":217,"column":10}},"75":{"start":{"line":212,"column":6},"end":{"line":214,"column":7}},"76":{"start":{"line":213,"column":8},"end":{"line":213,"column":32}},"77":{"start":{"line":216,"column":6},"end":{"line":216,"column":18}},"78":{"start":{"line":219,"column":4},"end":{"line":219,"column":59}},"79":{"start":{"line":222,"column":2},"end":{"line":222,"column":19}}},"fnMap":{"0":{"name":"(anonymous_0)","decl":{"start":{"line":10,"column":29},"end":{"line":10,"column":30}},"loc":{"start":{"line":10,"column":56},"end":{"line":68,"column":1}},"line":10},"1":{"name":"(anonymous_1)","decl":{"start":{"line":17,"column":28},"end":{"line":17,"column":29}},"loc":{"start":{"line":17,"column":43},"end":{"line":29,"column":3}},"line":17},"2":{"name":"(anonymous_2)","decl":{"start":{"line":32,"column":30},"end":{"line":32,"column":31}},"loc":{"start":{"line":32,"column":41},"end":{"line":63,"column":3}},"line":32},"3":{"name":"(anonymous_3)","decl":{"start":{"line":37,"column":33},"end":{"line":37,"column":34}},"loc":{"start":{"line":37,"column":49},"end":{"line":58,"column":5}},"line":37},"4":{"name":"(anonymous_4)","decl":{"start":{"line":49,"column":30},"end":{"line":49,"column":31}},"loc":{"start":{"line":49,"column":43},"end":{"line":55,"column":7}},"line":49},"5":{"name":"(anonymous_5)","decl":{"start":{"line":77,"column":34},"end":{"line":77,"column":35}},"loc":{"start":{"line":84,"column":5},"end":{"line":119,"column":1}},"line":84},"6":{"name":"(anonymous_6)","decl":{"start":{"line":95,"column":30},"end":{"line":95,"column":31}},"loc":{"start":{"line":95,"column":41},"end":{"line":114,"column":3}},"line":95},"7":{"name":"(anonymous_7)","decl":{"start":{"line":98,"column":47},"end":{"line":98,"column":48}},"loc":{"start":{"line":98,"column":57},"end":{"line":111,"column":5}},"line":98},"8":{"name":"(anonymous_8)","decl":{"start":{"line":124,"column":36},"end":{"line":124,"column":37}},"loc":{"start":{"line":127,"column":5},"end":{"line":129,"column":1}},"line":127},"9":{"name":"(anonymous_9)","decl":{"start":{"line":128,"column":24},"end":{"line":128,"column":25}},"loc":{"start":{"line":128,"column":31},"end":{"line":128,"column":46}},"line":128},"10":{"name":"(anonymous_10)","decl":{"start":{"line":135,"column":39},"end":{"line":135,"column":40}},"loc":{"start":{"line":138,"column":5},"end":{"line":140,"column":1}},"line":138},"11":{"name":"(anonymous_11)","decl":{"start":{"line":145,"column":43},"end":{"line":145,"column":44}},"loc":{"start":{"line":154,"column":5},"end":{"line":172,"column":1}},"line":154},"12":{"name":"(anonymous_12)","decl":{"start":{"line":155,"column":34},"end":{"line":155,"column":35}},"loc":{"start":{"line":155,"column":41},"end":{"line":155,"column":62}},"line":155},"13":{"name":"(anonymous_13)","decl":{"start":{"line":159,"column":47},"end":{"line":159,"column":48}},"loc":{"start":{"line":159,"column":57},"end":{"line":169,"column":3}},"line":159},"14":{"name":"(anonymous_14)","decl":{"start":{"line":179,"column":32},"end":{"line":179,"column":33}},"loc":{"start":{"line":185,"column":5},"end":{"line":223,"column":1}},"line":185},"15":{"name":"(anonymous_15)","decl":{"start":{"line":189,"column":35},"end":{"line":189,"column":36}},"loc":{"start":{"line":189,"column":46},"end":{"line":197,"column":3}},"line":189},"16":{"name":"(anonymous_16)","decl":{"start":{"line":190,"column":27},"end":{"line":190,"column":28}},"loc":{"start":{"line":190,"column":37},"end":{"line":196,"column":5}},"line":190},"17":{"name":"(anonymous_17)","decl":{"start":{"line":199,"column":32},"end":{"line":199,"column":33}},"loc":{"start":{"line":199,"column":41},"end":{"line":220,"column":3}},"line":199},"18":{"name":"(anonymous_18)","decl":{"start":{"line":202,"column":36},"end":{"line":202,"column":37}},"loc":{"start":{"line":202,"column":43},"end":{"line":202,"column":70}},"line":202},"19":{"name":"(anonymous_19)","decl":{"start":{"line":210,"column":37},"end":{"line":210,"column":38}},"loc":{"start":{"line":210,"column":54},"end":{"line":217,"column":5}},"line":210}},"branchMap":{"0":{"loc":{"start":{"line":20,"column":4},"end":{"line":26,"column":5}},"type":"if","locations":[{"start":{"line":20,"column":4},"end":{"line":26,"column":5}},{"start":{"line":20,"column":4},"end":{"line":26,"column":5}}],"line":20},"1":{"loc":{"start":{"line":21,"column":6},"end":{"line":23,"column":7}},"type":"if","locations":[{"start":{"line":21,"column":6},"end":{"line":23,"column":7}},{"start":{"line":21,"column":6},"end":{"line":23,"column":7}}],"line":21},"2":{"loc":{"start":{"line":50,"column":8},"end":{"line":52,"column":9}},"type":"if","locations":[{"start":{"line":50,"column":8},"end":{"line":52,"column":9}},{"start":{"line":50,"column":8},"end":{"line":52,"column":9}}],"line":50},"3":{"loc":{"start":{"line":50,"column":12},"end":{"line":50,"column":34}},"type":"binary-expr","locations":[{"start":{"line":50,"column":12},"end":{"line":50,"column":22}},{"start":{"line":50,"column":26},"end":{"line":50,"column":34}}],"line":50},"4":{"loc":{"start":{"line":62,"column":11},"end":{"line":62,"column":65}},"type":"cond-expr","locations":[{"start":{"line":62,"column":21},"end":{"line":62,"column":57}},{"start":{"line":62,"column":60},"end":{"line":62,"column":65}}],"line":62},"5":{"loc":{"start":{"line":101,"column":6},"end":{"line":108,"column":7}},"type":"if","locations":[{"start":{"line":101,"column":6},"end":{"line":108,"column":7}},{"start":{"line":101,"column":6},"end":{"line":108,"column":7}}],"line":101},"6":{"loc":{"start":{"line":104,"column":8},"end":{"line":107,"column":9}},"type":"if","locations":[{"start":{"line":104,"column":8},"end":{"line":107,"column":9}},{"start":{"line":104,"column":8},"end":{"line":107,"column":9}}],"line":104},"7":{"loc":{"start":{"line":113,"column":11},"end":{"line":113,"column":62}},"type":"cond-expr","locations":[{"start":{"line":113,"column":21},"end":{"line":113,"column":54}},{"start":{"line":113,"column":57},"end":{"line":113,"column":62}}],"line":113},"8":{"loc":{"start":{"line":139,"column":9},"end":{"line":139,"column":53}},"type":"binary-expr","locations":[{"start":{"line":139,"column":9},"end":{"line":139,"column":29}},{"start":{"line":139,"column":33},"end":{"line":139,"column":53}}],"line":139},"9":{"loc":{"start":{"line":157,"column":20},"end":{"line":157,"column":70}},"type":"cond-expr","locations":[{"start":{"line":157,"column":49},"end":{"line":157,"column":65}},{"start":{"line":157,"column":68},"end":{"line":157,"column":70}}],"line":157},"10":{"loc":{"start":{"line":157,"column":20},"end":{"line":157,"column":46}},"type":"binary-expr","locations":[{"start":{"line":157,"column":20},"end":{"line":157,"column":26}},{"start":{"line":157,"column":30},"end":{"line":157,"column":46}}],"line":157},"11":{"loc":{"start":{"line":162,"column":4},"end":{"line":166,"column":5}},"type":"if","locations":[{"start":{"line":162,"column":4},"end":{"line":166,"column":5}},{"start":{"line":162,"column":4},"end":{"line":166,"column":5}}],"line":162},"12":{"loc":{"start":{"line":165,"column":13},"end":{"line":165,"column":39}},"type":"cond-expr","locations":[{"start":{"line":165,"column":21},"end":{"line":165,"column":28}},{"start":{"line":165,"column":31},"end":{"line":165,"column":39}}],"line":165},"13":{"loc":{"start":{"line":192,"column":6},"end":{"line":195,"column":7}},"type":"if","locations":[{"start":{"line":192,"column":6},"end":{"line":195,"column":7}},{"start":{"line":192,"column":6},"end":{"line":195,"column":7}}],"line":192},"14":{"loc":{"start":{"line":203,"column":22},"end":{"line":203,"column":55}},"type":"cond-expr","locations":[{"start":{"line":203,"column":31},"end":{"line":203,"column":48}},{"start":{"line":203,"column":51},"end":{"line":203,"column":55}}],"line":203},"15":{"loc":{"start":{"line":206,"column":4},"end":{"line":208,"column":5}},"type":"if","locations":[{"start":{"line":206,"column":4},"end":{"line":208,"column":5}},{"start":{"line":206,"column":4},"end":{"line":208,"column":5}}],"line":206},"16":{"loc":{"start":{"line":212,"column":6},"end":{"line":214,"column":7}},"type":"if","locations":[{"start":{"line":212,"column":6},"end":{"line":214,"column":7}},{"start":{"line":212,"column":6},"end":{"line":214,"column":7}}],"line":212}},"s":{"0":15,"1":78,"2":78,"3":78,"4":78,"5":4735,"6":4735,"7":278,"8":11,"9":267,"10":4724,"11":78,"12":5135,"13":5135,"14":5135,"15":11,"16":11,"17":11,"18":11,"19":11,"20":43,"21":24,"22":19,"23":11,"24":5135,"25":5135,"26":78,"27":15,"28":86,"29":86,"30":5183,"31":5183,"32":99368,"33":99368,"34":6064,"35":6064,"36":231,"37":231,"38":99137,"39":5183,"40":86,"41":15,"42":6053,"43":6247,"44":15,"45":5907,"46":15,"47":6054,"48":6239,"49":6054,"50":6054,"51":6011,"52":6011,"53":4,"54":4,"55":6007,"56":6054,"57":15,"58":80,"59":80,"60":80,"61":5136,"62":4734,"63":4734,"64":278,"65":278,"66":80,"67":270,"68":270,"69":270,"70":322,"71":270,"72":270,"73":2,"74":268,"75":269,"76":264,"77":269,"78":268,"79":80},"f":{"0":78,"1":4735,"2":5135,"3":11,"4":43,"5":86,"6":5183,"7":99368,"8":6053,"9":6247,"10":5907,"11":6054,"12":6239,"13":6011,"14":80,"15":5136,"16":4734,"17":270,"18":322,"19":269},"b":{"0":[278,4457],"1":[11,267],"2":[24,19],"3":[43,28],"4":[10,5125],"5":[6064,93304],"6":[231,5833],"7":[69,5114],"8":[5907,133],"9":[6052,2],"10":[6054,6053],"11":[4,6007],"12":[2,2],"13":[278,4456],"14":[269,1],"15":[2,268],"16":[264,5]},"_coverageSchema":"43e27e138ebf9cfc5966b082cf9a028302ed4184","hash":"4d799f0e5c30b621ae3efeb9323bed17b2f6def5"},"/home/travis/build/thibaudcolas/draftjs-filters/src/lib/constants.js":{"path":"/home/travis/build/thibaudcolas/draftjs-filters/src/lib/constants.js","statementMap":{"0":{"start":{"line":2,"column":22},"end":{"line":2,"column":30}},"1":{"start":{"line":3,"column":24},"end":{"line":3,"column":34}},"2":{"start":{"line":4,"column":35},"end":{"line":4,"column":56}},"3":{"start":{"line":5,"column":33},"end":{"line":5,"column":52}},"4":{"start":{"line":7,"column":21},"end":{"line":7,"column":28}}},"fnMap":{},"branchMap":{},"s":{"0":17,"1":17,"2":17,"3":17,"4":17},"f":{},"b":{},"_coverageSchema":"43e27e138ebf9cfc5966b082cf9a028302ed4184","hash":"a0afa6935f4d0c532f8449522b9fc9a93fe39df5"},"/home/travis/build/thibaudcolas/draftjs-filters/src/lib/index.js":{"path":"/home/travis/build/thibaudcolas/draftjs-filters/src/lib/index.js","statementMap":{},"fnMap":{},"branchMap":{},"s":{},"f":{},"b":{},"_coverageSchema":"43e27e138ebf9cfc5966b082cf9a028302ed4184","hash":"8e2eab1d9da1c01e951211d69ef9c47e8903a8b6"},"/home/travis/build/thibaudcolas/draftjs-filters/src/lib/filters/atomic.js":{"path":"/home/travis/build/thibaudcolas/draftjs-filters/src/lib/filters/atomic.js","statementMap":{"0":{"start":{"line":12,"column":36},"end":{"line":32,"column":1}},"1":{"start":{"line":13,"column":19},"end":{"line":13,"column":40}},"2":{"start":{"line":15,"column":26},"end":{"line":23,"column":46}},"3":{"start":{"line":17,"column":19},"end":{"line":17,"column":34}},"4":{"start":{"line":18,"column":24},"end":{"line":18,"column":44}},"5":{"start":{"line":19,"column":29},"end":{"line":19,"column":75}},"6":{"start":{"line":21,"column":6},"end":{"line":21,"column":27}},"7":{"start":{"line":23,"column":20},"end":{"line":23,"column":45}},"8":{"start":{"line":25,"column":2},"end":{"line":29,"column":3}},"9":{"start":{"line":26,"column":4},"end":{"line":28,"column":6}},"10":{"start":{"line":31,"column":2},"end":{"line":31,"column":16}},"11":{"start":{"line":38,"column":33},"end":{"line":76,"column":1}},"12":{"start":{"line":39,"column":19},"end":{"line":39,"column":40}},"13":{"start":{"line":40,"column":15},"end":{"line":40,"column":23}},"14":{"start":{"line":42,"column":27},"end":{"line":67,"column":6}},"15":{"start":{"line":45,"column":8},"end":{"line":46,"column":73}},"16":{"start":{"line":50,"column":20},"end":{"line":61,"column":10}},"17":{"start":{"line":54,"column":24},"end":{"line":54,"column":28}},"18":{"start":{"line":56,"column":10},"end":{"line":58,"column":12}},"19":{"start":{"line":57,"column":12},"end":{"line":57,"column":66}},"20":{"start":{"line":60,"column":10},"end":{"line":60,"column":24}},"21":{"start":{"line":63,"column":6},"end":{"line":66,"column":8}},"22":{"start":{"line":69,"column":2},"end":{"line":71,"column":3}},"23":{"start":{"line":70,"column":4},"end":{"line":70,"column":43}},"24":{"start":{"line":73,"column":2},"end":{"line":75,"column":4}},"25":{"start":{"line":81,"column":41},"end":{"line":115,"column":1}},"26":{"start":{"line":85,"column":19},"end":{"line":85,"column":40}},"27":{"start":{"line":87,"column":29},"end":{"line":104,"column":3}},"28":{"start":{"line":88,"column":4},"end":{"line":90,"column":5}},"29":{"start":{"line":89,"column":6},"end":{"line":89,"column":17}},"30":{"start":{"line":92,"column":22},"end":{"line":92,"column":42}},"31":{"start":{"line":95,"column":4},"end":{"line":101,"column":5}},"32":{"start":{"line":96,"column":19},"end":{"line":96,"column":57}},"33":{"start":{"line":98,"column":6},"end":{"line":98,"column":54}},"34":{"start":{"line":98,"column":38},"end":{"line":98,"column":53}},"35":{"start":{"line":100,"column":6},"end":{"line":100,"column":21}},"36":{"start":{"line":103,"column":4},"end":{"line":103,"column":18}},"37":{"start":{"line":106,"column":25},"end":{"line":106,"column":60}},"38":{"start":{"line":108,"column":2},"end":{"line":112,"column":3}},"39":{"start":{"line":109,"column":4},"end":{"line":111,"column":6}},"40":{"start":{"line":114,"column":2},"end":{"line":114,"column":16}}},"fnMap":{"0":{"name":"(anonymous_0)","decl":{"start":{"line":12,"column":36},"end":{"line":12,"column":37}},"loc":{"start":{"line":12,"column":63},"end":{"line":32,"column":1}},"line":12},"1":{"name":"(anonymous_1)","decl":{"start":{"line":16,"column":12},"end":{"line":16,"column":13}},"loc":{"start":{"line":16,"column":23},"end":{"line":22,"column":5}},"line":16},"2":{"name":"(anonymous_2)","decl":{"start":{"line":23,"column":9},"end":{"line":23,"column":10}},"loc":{"start":{"line":23,"column":20},"end":{"line":23,"column":45}},"line":23},"3":{"name":"(anonymous_3)","decl":{"start":{"line":38,"column":33},"end":{"line":38,"column":34}},"loc":{"start":{"line":38,"column":60},"end":{"line":76,"column":1}},"line":38},"4":{"name":"(anonymous_4)","decl":{"start":{"line":44,"column":6},"end":{"line":44,"column":7}},"loc":{"start":{"line":45,"column":8},"end":{"line":46,"column":73}},"line":45},"5":{"name":"(anonymous_5)","decl":{"start":{"line":48,"column":9},"end":{"line":48,"column":10}},"loc":{"start":{"line":48,"column":20},"end":{"line":67,"column":5}},"line":48},"6":{"name":"(anonymous_6)","decl":{"start":{"line":53,"column":13},"end":{"line":53,"column":14}},"loc":{"start":{"line":53,"column":23},"end":{"line":61,"column":9}},"line":53},"7":{"name":"(anonymous_7)","decl":{"start":{"line":56,"column":34},"end":{"line":56,"column":35}},"loc":{"start":{"line":56,"column":44},"end":{"line":58,"column":11}},"line":56},"8":{"name":"(anonymous_8)","decl":{"start":{"line":81,"column":41},"end":{"line":81,"column":42}},"loc":{"start":{"line":84,"column":5},"end":{"line":115,"column":1}},"line":84},"9":{"name":"(anonymous_9)","decl":{"start":{"line":87,"column":29},"end":{"line":87,"column":30}},"loc":{"start":{"line":87,"column":40},"end":{"line":104,"column":3}},"line":87},"10":{"name":"(anonymous_10)","decl":{"start":{"line":98,"column":31},"end":{"line":98,"column":32}},"loc":{"start":{"line":98,"column":38},"end":{"line":98,"column":53}},"line":98}},"branchMap":{"0":{"loc":{"start":{"line":19,"column":29},"end":{"line":19,"column":75}},"type":"binary-expr","locations":[{"start":{"line":19,"column":29},"end":{"line":19,"column":38}},{"start":{"line":19,"column":42},"end":{"line":19,"column":75}}],"line":19},"1":{"loc":{"start":{"line":25,"column":2},"end":{"line":29,"column":3}},"type":"if","locations":[{"start":{"line":25,"column":2},"end":{"line":29,"column":3}},{"start":{"line":25,"column":2},"end":{"line":29,"column":3}}],"line":25},"2":{"loc":{"start":{"line":45,"column":8},"end":{"line":46,"column":73}},"type":"binary-expr","locations":[{"start":{"line":45,"column":8},"end":{"line":45,"column":34}},{"start":{"line":46,"column":9},"end":{"line":46,"column":32}},{"start":{"line":46,"column":36},"end":{"line":46,"column":72}}],"line":45},"3":{"loc":{"start":{"line":69,"column":2},"end":{"line":71,"column":3}},"type":"if","locations":[{"start":{"line":69,"column":2},"end":{"line":71,"column":3}},{"start":{"line":69,"column":2},"end":{"line":71,"column":3}}],"line":69},"4":{"loc":{"start":{"line":88,"column":4},"end":{"line":90,"column":5}},"type":"if","locations":[{"start":{"line":88,"column":4},"end":{"line":90,"column":5}},{"start":{"line":88,"column":4},"end":{"line":90,"column":5}}],"line":88},"5":{"loc":{"start":{"line":95,"column":4},"end":{"line":101,"column":5}},"type":"if","locations":[{"start":{"line":95,"column":4},"end":{"line":101,"column":5}},{"start":{"line":95,"column":4},"end":{"line":101,"column":5}}],"line":95},"6":{"loc":{"start":{"line":108,"column":2},"end":{"line":112,"column":3}},"type":"if","locations":[{"start":{"line":108,"column":2},"end":{"line":112,"column":3}},{"start":{"line":108,"column":2},"end":{"line":112,"column":3}}],"line":108}},"s":{"0":15,"1":86,"2":86,"3":5184,"4":5184,"5":5184,"6":5184,"7":86,"8":86,"9":32,"10":54,"11":15,"12":86,"13":86,"14":86,"15":5182,"16":52,"17":52,"18":52,"19":3,"20":52,"21":52,"22":86,"23":23,"24":86,"25":15,"26":86,"27":86,"28":5181,"29":5092,"30":89,"31":89,"32":58,"33":58,"34":97,"35":31,"36":89,"37":86,"38":86,"39":15,"40":71},"f":{"0":86,"1":5184,"2":86,"3":86,"4":5182,"5":52,"6":52,"7":3,"8":86,"9":5181,"10":97},"b":{"0":[5184,112],"1":[32,54],"2":[5182,90,41],"3":[23,63],"4":[5092,89],"5":[58,31],"6":[15,71]},"_coverageSchema":"43e27e138ebf9cfc5966b082cf9a028302ed4184","hash":"f246c25ca71156a60a769bce43339c508d296cdd"},"/home/travis/build/thibaudcolas/draftjs-filters/src/lib/filters/blocks.js":{"path":"/home/travis/build/thibaudcolas/draftjs-filters/src/lib/filters/blocks.js","statementMap":{"0":{"start":{"line":9,"column":40},"end":{"line":29,"column":1}},"1":{"start":{"line":10,"column":19},"end":{"line":10,"column":40}},"2":{"start":{"line":12,"column":28},"end":{"line":18,"column":3}},"3":{"start":{"line":13,"column":24},"end":{"line":15,"column":5}},"4":{"start":{"line":17,"column":4},"end":{"line":17,"column":48}},"5":{"start":{"line":20,"column":25},"end":{"line":20,"column":59}},"6":{"start":{"line":22,"column":2},"end":{"line":26,"column":3}},"7":{"start":{"line":23,"column":4},"end":{"line":25,"column":6}},"8":{"start":{"line":28,"column":2},"end":{"line":28,"column":16}},"9":{"start":{"line":38,"column":35},"end":{"line":104,"column":1}},"10":{"start":{"line":46,"column":19},"end":{"line":46,"column":40}},"11":{"start":{"line":48,"column":17},"end":{"line":97,"column":6}},"12":{"start":{"line":49,"column":23},"end":{"line":49,"column":53}},"13":{"start":{"line":51,"column":19},"end":{"line":51,"column":34}},"14":{"start":{"line":52,"column":21},"end":{"line":52,"column":26}},"15":{"start":{"line":55,"column":27},"end":{"line":58,"column":8}},"16":{"start":{"line":56,"column":8},"end":{"line":56,"column":48}},"17":{"start":{"line":57,"column":8},"end":{"line":57,"column":29}},"18":{"start":{"line":60,"column":6},"end":{"line":94,"column":7}},"19":{"start":{"line":61,"column":21},"end":{"line":61,"column":36}},"20":{"start":{"line":62,"column":23},"end":{"line":62,"column":43}},"21":{"start":{"line":66,"column":8},"end":{"line":68,"column":9}},"22":{"start":{"line":67,"column":10},"end":{"line":67,"column":25}},"23":{"start":{"line":77,"column":28},"end":{"line":77,"column":43}},"24":{"start":{"line":81,"column":20},"end":{"line":81,"column":44}},"25":{"start":{"line":82,"column":26},"end":{"line":82,"column":27}},"26":{"start":{"line":83,"column":8},"end":{"line":86,"column":9}},"27":{"start":{"line":84,"column":10},"end":{"line":84,"column":31}},"28":{"start":{"line":85,"column":10},"end":{"line":85,"column":23}},"29":{"start":{"line":88,"column":8},"end":{"line":93,"column":10}},"30":{"start":{"line":96,"column":6},"end":{"line":96,"column":21}},"31":{"start":{"line":99,"column":2},"end":{"line":103,"column":8}},"32":{"start":{"line":109,"column":31},"end":{"line":121,"column":1}},"33":{"start":{"line":110,"column":19},"end":{"line":110,"column":40}},"34":{"start":{"line":112,"column":24},"end":{"line":114,"column":44}},"35":{"start":{"line":113,"column":23},"end":{"line":113,"column":45}},"36":{"start":{"line":114,"column":20},"end":{"line":114,"column":43}},"37":{"start":{"line":116,"column":2},"end":{"line":120,"column":8}},"38":{"start":{"line":127,"column":32},"end":{"line":147,"column":1}},"39":{"start":{"line":131,"column":19},"end":{"line":131,"column":40}},"40":{"start":{"line":133,"column":24},"end":{"line":140,"column":5}},"41":{"start":{"line":134,"column":23},"end":{"line":134,"column":59}},"42":{"start":{"line":136,"column":6},"end":{"line":139,"column":8}},"43":{"start":{"line":142,"column":2},"end":{"line":146,"column":8}}},"fnMap":{"0":{"name":"(anonymous_0)","decl":{"start":{"line":9,"column":40},"end":{"line":9,"column":41}},"loc":{"start":{"line":9,"column":67},"end":{"line":29,"column":1}},"line":9},"1":{"name":"(anonymous_1)","decl":{"start":{"line":12,"column":28},"end":{"line":12,"column":29}},"loc":{"start":{"line":12,"column":39},"end":{"line":18,"column":3}},"line":12},"2":{"name":"(anonymous_2)","decl":{"start":{"line":38,"column":35},"end":{"line":38,"column":36}},"loc":{"start":{"line":45,"column":5},"end":{"line":104,"column":1}},"line":45},"3":{"name":"(anonymous_3)","decl":{"start":{"line":49,"column":12},"end":{"line":49,"column":13}},"loc":{"start":{"line":49,"column":23},"end":{"line":49,"column":53}},"line":49},"4":{"name":"(anonymous_4)","decl":{"start":{"line":50,"column":9},"end":{"line":50,"column":10}},"loc":{"start":{"line":50,"column":20},"end":{"line":97,"column":5}},"line":50},"5":{"name":"(anonymous_5)","decl":{"start":{"line":55,"column":38},"end":{"line":55,"column":39}},"loc":{"start":{"line":55,"column":48},"end":{"line":58,"column":7}},"line":55},"6":{"name":"(anonymous_6)","decl":{"start":{"line":109,"column":31},"end":{"line":109,"column":32}},"loc":{"start":{"line":109,"column":71},"end":{"line":121,"column":1}},"line":109},"7":{"name":"(anonymous_7)","decl":{"start":{"line":113,"column":12},"end":{"line":113,"column":13}},"loc":{"start":{"line":113,"column":23},"end":{"line":113,"column":45}},"line":113},"8":{"name":"(anonymous_8)","decl":{"start":{"line":114,"column":9},"end":{"line":114,"column":10}},"loc":{"start":{"line":114,"column":20},"end":{"line":114,"column":43}},"line":114},"9":{"name":"(anonymous_9)","decl":{"start":{"line":127,"column":32},"end":{"line":127,"column":33}},"loc":{"start":{"line":130,"column":5},"end":{"line":147,"column":1}},"line":130},"10":{"name":"(anonymous_10)","decl":{"start":{"line":134,"column":12},"end":{"line":134,"column":13}},"loc":{"start":{"line":134,"column":23},"end":{"line":134,"column":59}},"line":134},"11":{"name":"(anonymous_11)","decl":{"start":{"line":135,"column":9},"end":{"line":135,"column":10}},"loc":{"start":{"line":136,"column":6},"end":{"line":139,"column":8}},"line":136}},"branchMap":{"0":{"loc":{"start":{"line":17,"column":11},"end":{"line":17,"column":48}},"type":"binary-expr","locations":[{"start":{"line":17,"column":11},"end":{"line":17,"column":22}},{"start":{"line":17,"column":26},"end":{"line":17,"column":48}}],"line":17},"1":{"loc":{"start":{"line":22,"column":2},"end":{"line":26,"column":3}},"type":"if","locations":[{"start":{"line":22,"column":2},"end":{"line":26,"column":3}},{"start":{"line":22,"column":2},"end":{"line":26,"column":3}}],"line":22},"2":{"loc":{"start":{"line":60,"column":6},"end":{"line":94,"column":7}},"type":"if","locations":[{"start":{"line":60,"column":6},"end":{"line":94,"column":7}},{"start":{"line":60,"column":6},"end":{"line":94,"column":7}}],"line":60},"3":{"loc":{"start":{"line":60,"column":10},"end":{"line":60,"column":43}},"type":"binary-expr","locations":[{"start":{"line":60,"column":10},"end":{"line":60,"column":22}},{"start":{"line":60,"column":26},"end":{"line":60,"column":31}},{"start":{"line":60,"column":35},"end":{"line":60,"column":43}}],"line":60},"4":{"loc":{"start":{"line":66,"column":8},"end":{"line":68,"column":9}},"type":"if","locations":[{"start":{"line":66,"column":8},"end":{"line":68,"column":9}},{"start":{"line":66,"column":8},"end":{"line":68,"column":9}}],"line":66},"5":{"loc":{"start":{"line":66,"column":12},"end":{"line":66,"column":39}},"type":"binary-expr","locations":[{"start":{"line":66,"column":12},"end":{"line":66,"column":18}},{"start":{"line":66,"column":22},"end":{"line":66,"column":39}}],"line":66},"6":{"loc":{"start":{"line":99,"column":9},"end":{"line":103,"column":8}},"type":"cond-expr","locations":[{"start":{"line":100,"column":6},"end":{"line":100,"column":13}},{"start":{"line":101,"column":6},"end":{"line":103,"column":8}}],"line":99},"7":{"loc":{"start":{"line":116,"column":9},"end":{"line":120,"column":8}},"type":"cond-expr","locations":[{"start":{"line":117,"column":6},"end":{"line":117,"column":13}},{"start":{"line":118,"column":6},"end":{"line":120,"column":8}}],"line":116},"8":{"loc":{"start":{"line":142,"column":9},"end":{"line":146,"column":8}},"type":"cond-expr","locations":[{"start":{"line":143,"column":6},"end":{"line":143,"column":13}},{"start":{"line":144,"column":6},"end":{"line":146,"column":8}}],"line":142}},"s":{"0":15,"1":86,"2":86,"3":5191,"4":5191,"5":86,"6":86,"7":6,"8":80,"9":15,"10":78,"11":78,"12":5181,"13":3846,"14":3846,"15":3846,"16":22337,"17":22337,"18":3846,"19":172,"20":172,"21":172,"22":11,"23":161,"24":161,"25":161,"26":161,"27":316,"28":316,"29":161,"30":3835,"31":78,"32":15,"33":78,"34":78,"35":5158,"36":9,"37":78,"38":15,"39":78,"40":78,"41":5159,"42":147,"43":78},"f":{"0":86,"1":5191,"2":78,"3":5181,"4":3846,"5":22337,"6":78,"7":5158,"8":9,"9":78,"10":5159,"11":147},"b":{"0":[5191,4112],"1":[6,80],"2":[172,3674],"3":[3846,172,172],"4":[11,161],"5":[172,22],"6":[1,77],"7":[75,3],"8":[59,19]},"_coverageSchema":"43e27e138ebf9cfc5966b082cf9a028302ed4184","hash":"5f2a4cea5da75866c723683b2385b6be0687ad30"},"/home/travis/build/thibaudcolas/draftjs-filters/src/lib/filters/styles.js":{"path":"/home/travis/build/thibaudcolas/draftjs-filters/src/lib/filters/styles.js","statementMap":{"0":{"start":{"line":7,"column":34},"end":{"line":36,"column":1}},"1":{"start":{"line":11,"column":19},"end":{"line":11,"column":40}},"2":{"start":{"line":13,"column":17},"end":{"line":31,"column":4}},"3":{"start":{"line":14,"column":18},"end":{"line":14,"column":23}},"4":{"start":{"line":16,"column":18},"end":{"line":28,"column":6}},"5":{"start":{"line":17,"column":20},"end":{"line":17,"column":24}},"6":{"start":{"line":19,"column":6},"end":{"line":25,"column":10}},"7":{"start":{"line":21,"column":26},"end":{"line":21,"column":51}},"8":{"start":{"line":23,"column":10},"end":{"line":23,"column":24}},"9":{"start":{"line":24,"column":10},"end":{"line":24,"column":64}},"10":{"start":{"line":27,"column":6},"end":{"line":27,"column":20}},"11":{"start":{"line":30,"column":4},"end":{"line":30,"column":62}},"12":{"start":{"line":33,"column":2},"end":{"line":35,"column":4}}},"fnMap":{"0":{"name":"(anonymous_0)","decl":{"start":{"line":7,"column":34},"end":{"line":7,"column":35}},"loc":{"start":{"line":10,"column":5},"end":{"line":36,"column":1}},"line":10},"1":{"name":"(anonymous_1)","decl":{"start":{"line":13,"column":30},"end":{"line":13,"column":31}},"loc":{"start":{"line":13,"column":41},"end":{"line":31,"column":3}},"line":13},"2":{"name":"(anonymous_2)","decl":{"start":{"line":16,"column":47},"end":{"line":16,"column":48}},"loc":{"start":{"line":16,"column":57},"end":{"line":28,"column":5}},"line":16},"3":{"name":"(anonymous_3)","decl":{"start":{"line":21,"column":16},"end":{"line":21,"column":17}},"loc":{"start":{"line":21,"column":26},"end":{"line":21,"column":51}},"line":21},"4":{"name":"(anonymous_4)","decl":{"start":{"line":22,"column":17},"end":{"line":22,"column":18}},"loc":{"start":{"line":22,"column":27},"end":{"line":25,"column":9}},"line":22}},"branchMap":{"0":{"loc":{"start":{"line":30,"column":11},"end":{"line":30,"column":62}},"type":"cond-expr","locations":[{"start":{"line":30,"column":21},"end":{"line":30,"column":54}},{"start":{"line":30,"column":57},"end":{"line":30,"column":62}}],"line":30}},"s":{"0":15,"1":78,"2":78,"3":5156,"4":5156,"5":99349,"6":99349,"7":10424,"8":1005,"9":1005,"10":99349,"11":5156,"12":78},"f":{"0":78,"1":5156,"2":99349,"3":10424,"4":1005},"b":{"0":[82,5074]},"_coverageSchema":"43e27e138ebf9cfc5966b082cf9a028302ed4184","hash":"8c373559d48d95377353bda40c402d9fe2c6d5f3"},"/home/travis/build/thibaudcolas/draftjs-filters/src/lib/filters/text.js":{"path":"/home/travis/build/thibaudcolas/draftjs-filters/src/lib/filters/text.js","statementMap":{"0":{"start":{"line":7,"column":35},"end":{"line":30,"column":1}},"1":{"start":{"line":11,"column":19},"end":{"line":11,"column":40}},"2":{"start":{"line":13,"column":17},"end":{"line":25,"column":4}},"3":{"start":{"line":14,"column":17},"end":{"line":14,"column":32}},"4":{"start":{"line":20,"column":20},"end":{"line":22,"column":12}},"5":{"start":{"line":21,"column":6},"end":{"line":21,"column":72}},"6":{"start":{"line":24,"column":4},"end":{"line":24,"column":64}},"7":{"start":{"line":27,"column":2},"end":{"line":29,"column":4}}},"fnMap":{"0":{"name":"(anonymous_0)","decl":{"start":{"line":7,"column":35},"end":{"line":7,"column":36}},"loc":{"start":{"line":10,"column":5},"end":{"line":30,"column":1}},"line":10},"1":{"name":"(anonymous_1)","decl":{"start":{"line":13,"column":30},"end":{"line":13,"column":31}},"loc":{"start":{"line":13,"column":41},"end":{"line":25,"column":3}},"line":13},"2":{"name":"(anonymous_2)","decl":{"start":{"line":20,"column":38},"end":{"line":20,"column":39}},"loc":{"start":{"line":20,"column":53},"end":{"line":22,"column":5}},"line":20}},"branchMap":{"0":{"loc":{"start":{"line":24,"column":11},"end":{"line":24,"column":64}},"type":"cond-expr","locations":[{"start":{"line":24,"column":30},"end":{"line":24,"column":56}},{"start":{"line":24,"column":59},"end":{"line":24,"column":64}}],"line":24}},"s":{"0":15,"1":78,"2":78,"3":5133,"4":5133,"5":5301,"6":5133,"7":78},"f":{"0":78,"1":5133,"2":5301},"b":{"0":[12,5121]},"_coverageSchema":"43e27e138ebf9cfc5966b082cf9a028302ed4184","hash":"300a7d3fa5bf977711334934bdb6cd4db4a111df"},"/home/travis/build/thibaudcolas/draftjs-filters/src/lib/filters/selection.js":{"path":"/home/travis/build/thibaudcolas/draftjs-filters/src/lib/filters/selection.js","statementMap":{"0":{"start":{"line":10,"column":41},"end":{"line":66,"column":1}},"1":{"start":{"line":16,"column":2},"end":{"line":18,"column":3}},"2":{"start":{"line":17,"column":4},"end":{"line":17,"column":22}},"3":{"start":{"line":21,"column":2},"end":{"line":27,"column":3}},"4":{"start":{"line":22,"column":4},"end":{"line":26,"column":5}},"5":{"start":{"line":29,"column":20},"end":{"line":31,"column":4}},"6":{"start":{"line":32,"column":20},"end":{"line":32,"column":46}},"7":{"start":{"line":33,"column":20},"end":{"line":33,"column":44}},"8":{"start":{"line":34,"column":22},"end":{"line":34,"column":59}},"9":{"start":{"line":38,"column":30},"end":{"line":38,"column":71}},"10":{"start":{"line":39,"column":2},"end":{"line":41,"column":3}},"11":{"start":{"line":40,"column":4},"end":{"line":40,"column":20}},"12":{"start":{"line":43,"column":19},"end":{"line":43,"column":53}},"13":{"start":{"line":47,"column":24},"end":{"line":49,"column":71}},"14":{"start":{"line":49,"column":17},"end":{"line":49,"column":70}},"15":{"start":{"line":52,"column":2},"end":{"line":63,"column":3}},"16":{"start":{"line":53,"column":30},"end":{"line":53,"column":71}},"17":{"start":{"line":54,"column":27},"end":{"line":54,"column":61}},"18":{"start":{"line":55,"column":26},"end":{"line":60,"column":6}},"19":{"start":{"line":62,"column":4},"end":{"line":62,"column":64}},"20":{"start":{"line":65,"column":2},"end":{"line":65,"column":18}}},"fnMap":{"0":{"name":"(anonymous_0)","decl":{"start":{"line":10,"column":41},"end":{"line":10,"column":42}},"loc":{"start":{"line":14,"column":5},"end":{"line":66,"column":1}},"line":14},"1":{"name":"(anonymous_1)","decl":{"start":{"line":49,"column":10},"end":{"line":49,"column":11}},"loc":{"start":{"line":49,"column":17},"end":{"line":49,"column":70}},"line":49}},"branchMap":{"0":{"loc":{"start":{"line":16,"column":2},"end":{"line":18,"column":3}},"type":"if","locations":[{"start":{"line":16,"column":2},"end":{"line":18,"column":3}},{"start":{"line":16,"column":2},"end":{"line":18,"column":3}}],"line":16},"1":{"loc":{"start":{"line":21,"column":2},"end":{"line":27,"column":3}},"type":"if","locations":[{"start":{"line":21,"column":2},"end":{"line":27,"column":3}},{"start":{"line":21,"column":2},"end":{"line":27,"column":3}}],"line":21},"2":{"loc":{"start":{"line":38,"column":30},"end":{"line":38,"column":71}},"type":"binary-expr","locations":[{"start":{"line":38,"column":30},"end":{"line":38,"column":54}},{"start":{"line":38,"column":58},"end":{"line":38,"column":71}}],"line":38},"3":{"loc":{"start":{"line":39,"column":2},"end":{"line":41,"column":3}},"type":"if","locations":[{"start":{"line":39,"column":2},"end":{"line":41,"column":3}},{"start":{"line":39,"column":2},"end":{"line":41,"column":3}}],"line":39},"4":{"loc":{"start":{"line":52,"column":2},"end":{"line":63,"column":3}},"type":"if","locations":[{"start":{"line":52,"column":2},"end":{"line":63,"column":3}},{"start":{"line":52,"column":2},"end":{"line":63,"column":3}}],"line":52}},"s":{"0":14,"1":85,"2":48,"3":37,"4":1,"5":36,"6":36,"7":36,"8":36,"9":36,"10":36,"11":31,"12":5,"13":5,"14":10,"15":5,"16":4,"17":4,"18":4,"19":4,"20":1},"f":{"0":85,"1":10},"b":{"0":[48,37],"1":[1,36],"2":[36,35],"3":[31,5],"4":[4,1]},"_coverageSchema":"43e27e138ebf9cfc5966b082cf9a028302ed4184","hash":"b0a05d904c66e37e61240d1abbd2ed4eed3ef219"},"/home/travis/build/thibaudcolas/draftjs-filters/src/lib/filters/editor.js":{"path":"/home/travis/build/thibaudcolas/draftjs-filters/src/lib/filters/editor.js","statementMap":{"0":{"start":{"line":65,"column":27},"end":{"line":98,"column":1}},"1":{"start":{"line":105,"column":33},"end":{"line":161,"column":1}},"2":{"start":{"line":116,"column":6},"end":{"line":116,"column":13}},"3":{"start":{"line":117,"column":32},"end":{"line":128,"column":3}},"4":{"start":{"line":118,"column":19},"end":{"line":118,"column":47}},"5":{"start":{"line":119,"column":23},"end":{"line":119,"column":39}},"6":{"start":{"line":120,"column":23},"end":{"line":120,"column":39}},"7":{"start":{"line":121,"column":22},"end":{"line":121,"column":37}},"8":{"start":{"line":123,"column":4},"end":{"line":127,"column":5}},"9":{"start":{"line":131,"column":18},"end":{"line":152,"column":3}},"10":{"start":{"line":154,"column":18},"end":{"line":154,"column":49}},"11":{"start":{"line":155,"column":22},"end":{"line":158,"column":3}},"12":{"start":{"line":156,"column":51},"end":{"line":156,"column":60}},"13":{"start":{"line":160,"column":2},"end":{"line":160,"column":69}}},"fnMap":{"0":{"name":"(anonymous_0)","decl":{"start":{"line":105,"column":33},"end":{"line":105,"column":34}},"loc":{"start":{"line":108,"column":5},"end":{"line":161,"column":1}},"line":108},"1":{"name":"(anonymous_1)","decl":{"start":{"line":117,"column":32},"end":{"line":117,"column":33}},"loc":{"start":{"line":117,"column":63},"end":{"line":128,"column":3}},"line":117},"2":{"name":"(anonymous_2)","decl":{"start":{"line":156,"column":4},"end":{"line":156,"column":5}},"loc":{"start":{"line":156,"column":51},"end":{"line":156,"column":60}},"line":156}},"branchMap":{"0":{"loc":{"start":{"line":115,"column":4},"end":{"line":115,"column":39}},"type":"default-arg","locations":[{"start":{"line":115,"column":21},"end":{"line":115,"column":39}}],"line":115},"1":{"loc":{"start":{"line":124,"column":6},"end":{"line":126,"column":53}},"type":"binary-expr","locations":[{"start":{"line":124,"column":6},"end":{"line":124,"column":48}},{"start":{"line":125,"column":6},"end":{"line":125,"column":67}},{"start":{"line":126,"column":6},"end":{"line":126,"column":53}}],"line":124}},"s":{"0":14,"1":14,"2":76,"3":76,"4":6051,"5":6051,"6":6051,"7":6051,"8":6051,"9":76,"10":76,"11":76,"12":912,"13":76},"f":{"0":76,"1":6051,"2":912},"b":{"0":[75],"1":[6051,6043,5904]},"_coverageSchema":"43e27e138ebf9cfc5966b082cf9a028302ed4184","hash":"311db2e27ae0c052ee80fdc3f841566e810d0d1b"},"/home/travis/build/thibaudcolas/draftjs-filters/src/tests/utils.js":{"path":"/home/travis/build/thibaudcolas/draftjs-filters/src/tests/utils.js","statementMap":{"0":{"start":{"line":7,"column":0},"end":{"line":7,"column":70}},"1":{"start":{"line":9,"column":22},"end":{"line":37,"column":1}},"2":{"start":{"line":39,"column":33},"end":{"line":55,"column":1}},"3":{"start":{"line":40,"column":22},"end":{"line":43,"column":3}},"4":{"start":{"line":47,"column":26},"end":{"line":47,"column":71}},"5":{"start":{"line":48,"column":2},"end":{"line":48,"column":62}},"6":{"start":{"line":51,"column":24},"end":{"line":53,"column":3}},"7":{"start":{"line":54,"column":2},"end":{"line":54,"column":48}}},"fnMap":{"0":{"name":"(anonymous_0)","decl":{"start":{"line":39,"column":33},"end":{"line":39,"column":34}},"loc":{"start":{"line":39,"column":42},"end":{"line":55,"column":1}},"line":39}},"branchMap":{},"s":{"0":7,"1":7,"2":7,"3":34,"4":34,"5":34,"6":34,"7":34},"f":{"0":34},"b":{},"_coverageSchema":"43e27e138ebf9cfc5966b082cf9a028302ed4184","hash":"61931647e460fa0ea30c3f45762bd9afb6856f6c"},"/home/travis/build/thibaudcolas/draftjs-filters/src/demo/components/FilterableEditor.js":{"path":"/home/travis/build/thibaudcolas/draftjs-filters/src/demo/components/FilterableEditor.js","statementMap":{"0":{"start":{"line":24,"column":15},"end":{"line":30,"column":1}},"1":{"start":{"line":32,"column":24},"end":{"line":44,"column":1}},"2":{"start":{"line":46,"column":15},"end":{"line":49,"column":1}},"3":{"start":{"line":51,"column":24},"end":{"line":57,"column":1}},"4":{"start":{"line":59,"column":17},"end":{"line":76,"column":1}},"5":{"start":{"line":78,"column":20},"end":{"line":78,"column":21}},"6":{"start":{"line":80,"column":29},"end":{"line":80,"column":30}},"7":{"start":{"line":96,"column":4},"end":{"line":96,"column":16}},"8":{"start":{"line":97,"column":25},"end":{"line":97,"column":30}},"9":{"start":{"line":99,"column":22},"end":{"line":104,"column":6}},"10":{"start":{"line":106,"column":17},"end":{"line":106,"column":58}},"11":{"start":{"line":109,"column":4},"end":{"line":116,"column":5}},"12":{"start":{"line":110,"column":22},"end":{"line":110,"column":54}},"13":{"start":{"line":112,"column":6},"end":{"line":112,"column":69}},"14":{"start":{"line":115,"column":6},"end":{"line":115,"column":54}},"15":{"start":{"line":118,"column":4},"end":{"line":120,"column":5}},"16":{"start":{"line":121,"column":4},"end":{"line":121,"column":44}},"17":{"start":{"line":122,"column":4},"end":{"line":122,"column":38}},"18":{"start":{"line":123,"column":4},"end":{"line":123,"column":50}},"19":{"start":{"line":124,"column":4},"end":{"line":124,"column":50}},"20":{"start":{"line":125,"column":4},"end":{"line":125,"column":52}},"21":{"start":{"line":126,"column":4},"end":{"line":126,"column":54}},"22":{"start":{"line":127,"column":4},"end":{"line":127,"column":60}},"23":{"start":{"line":132,"column":35},"end":{"line":132,"column":45}},"24":{"start":{"line":133,"column":28},"end":{"line":133,"column":38}},"25":{"start":{"line":134,"column":24},"end":{"line":134,"column":33}},"26":{"start":{"line":136,"column":4},"end":{"line":152,"column":5}},"27":{"start":{"line":138,"column":8},"end":{"line":139,"column":63}},"28":{"start":{"line":141,"column":6},"end":{"line":151,"column":7}},"29":{"start":{"line":142,"column":24},"end":{"line":148,"column":9}},"30":{"start":{"line":150,"column":8},"end":{"line":150,"column":65}},"31":{"start":{"line":154,"column":4},"end":{"line":154,"column":49}},"32":{"start":{"line":156,"column":4},"end":{"line":159,"column":5}},"33":{"start":{"line":164,"column":28},"end":{"line":164,"column":38}},"34":{"start":{"line":165,"column":4},"end":{"line":165,"column":65}},"35":{"start":{"line":167,"column":4},"end":{"line":167,"column":22}},"36":{"start":{"line":172,"column":28},"end":{"line":172,"column":38}},"37":{"start":{"line":173,"column":4},"end":{"line":173,"column":63}},"38":{"start":{"line":175,"column":4},"end":{"line":175,"column":22}},"39":{"start":{"line":180,"column":28},"end":{"line":180,"column":38}},"40":{"start":{"line":181,"column":18},"end":{"line":181,"column":49}},"41":{"start":{"line":183,"column":4},"end":{"line":198,"column":5}},"42":{"start":{"line":184,"column":6},"end":{"line":186,"column":8}},"43":{"start":{"line":187,"column":24},"end":{"line":187,"column":57}},"44":{"start":{"line":188,"column":6},"end":{"line":190,"column":7}},"45":{"start":{"line":192,"column":6},"end":{"line":194,"column":8}},"46":{"start":{"line":195,"column":24},"end":{"line":195,"column":57}},"47":{"start":{"line":196,"column":24},"end":{"line":196,"column":50}},"48":{"start":{"line":197,"column":6},"end":{"line":197,"column":76}},"49":{"start":{"line":203,"column":4},"end":{"line":205,"column":5}},"50":{"start":{"line":204,"column":6},"end":{"line":204,"column":17}},"51":{"start":{"line":207,"column":4},"end":{"line":210,"column":5}},"52":{"start":{"line":215,"column":25},"end":{"line":215,"column":35}},"53":{"start":{"line":216,"column":28},"end":{"line":216,"column":38}},"54":{"start":{"line":217,"column":23},"end":{"line":217,"column":68}},"55":{"start":{"line":218,"column":21},"end":{"line":218,"column":68}},"56":{"start":{"line":220,"column":4},"end":{"line":220,"column":27}},"57":{"start":{"line":225,"column":28},"end":{"line":225,"column":38}},"58":{"start":{"line":227,"column":19},"end":{"line":227,"column":67}},"59":{"start":{"line":229,"column":4},"end":{"line":232,"column":5}},"60":{"start":{"line":230,"column":6},"end":{"line":230,"column":29}},"61":{"start":{"line":231,"column":6},"end":{"line":231,"column":22}},"62":{"start":{"line":234,"column":4},"end":{"line":234,"column":24}},"63":{"start":{"line":238,"column":25},"end":{"line":238,"column":35}},"64":{"start":{"line":239,"column":28},"end":{"line":239,"column":38}},"65":{"start":{"line":240,"column":19},"end":{"line":240,"column":54}},"66":{"start":{"line":241,"column":19},"end":{"line":241,"column":54}},"67":{"start":{"line":243,"column":4},"end":{"line":295,"column":5}},"68":{"start":{"line":248,"column":14},"end":{"line":253,"column":23}},"69":{"start":{"line":256,"column":14},"end":{"line":261,"column":23}},"70":{"start":{"line":264,"column":14},"end":{"line":269,"column":23}}},"fnMap":{"0":{"name":"(anonymous_0)","decl":{"start":{"line":95,"column":2},"end":{"line":95,"column":3}},"loc":{"start":{"line":95,"column":28},"end":{"line":128,"column":3}},"line":95},"1":{"name":"(anonymous_1)","decl":{"start":{"line":131,"column":2},"end":{"line":131,"column":3}},"loc":{"start":{"line":131,"column":35},"end":{"line":160,"column":3}},"line":131},"2":{"name":"(anonymous_2)","decl":{"start":{"line":163,"column":2},"end":{"line":163,"column":3}},"loc":{"start":{"line":163,"column":38},"end":{"line":168,"column":3}},"line":163},"3":{"name":"(anonymous_3)","decl":{"start":{"line":171,"column":2},"end":{"line":171,"column":3}},"loc":{"start":{"line":171,"column":38},"end":{"line":176,"column":3}},"line":171},"4":{"name":"(anonymous_4)","decl":{"start":{"line":179,"column":2},"end":{"line":179,"column":3}},"loc":{"start":{"line":179,"column":38},"end":{"line":199,"column":3}},"line":179},"5":{"name":"(anonymous_5)","decl":{"start":{"line":202,"column":2},"end":{"line":202,"column":3}},"loc":{"start":{"line":202,"column":37},"end":{"line":211,"column":3}},"line":202},"6":{"name":"(anonymous_6)","decl":{"start":{"line":214,"column":2},"end":{"line":214,"column":3}},"loc":{"start":{"line":214,"column":41},"end":{"line":221,"column":3}},"line":214},"7":{"name":"(anonymous_7)","decl":{"start":{"line":224,"column":2},"end":{"line":224,"column":3}},"loc":{"start":{"line":224,"column":36},"end":{"line":235,"column":3}},"line":224},"8":{"name":"(anonymous_8)","decl":{"start":{"line":237,"column":2},"end":{"line":237,"column":3}},"loc":{"start":{"line":237,"column":11},"end":{"line":296,"column":3}},"line":237},"9":{"name":"(anonymous_9)","decl":{"start":{"line":247,"column":37},"end":{"line":247,"column":38}},"loc":{"start":{"line":248,"column":14},"end":{"line":253,"column":23}},"line":248},"10":{"name":"(anonymous_10)","decl":{"start":{"line":255,"column":37},"end":{"line":255,"column":38}},"loc":{"start":{"line":256,"column":14},"end":{"line":261,"column":23}},"line":256},"11":{"name":"(anonymous_11)","decl":{"start":{"line":263,"column":26},"end":{"line":263,"column":27}},"loc":{"start":{"line":264,"column":14},"end":{"line":269,"column":23}},"line":264}},"branchMap":{"0":{"loc":{"start":{"line":109,"column":4},"end":{"line":116,"column":5}},"type":"if","locations":[{"start":{"line":109,"column":4},"end":{"line":116,"column":5}},{"start":{"line":109,"column":4},"end":{"line":116,"column":5}}],"line":109},"1":{"loc":{"start":{"line":109,"column":8},"end":{"line":109,"column":24}},"type":"binary-expr","locations":[{"start":{"line":109,"column":8},"end":{"line":109,"column":16}},{"start":{"line":109,"column":20},"end":{"line":109,"column":24}}],"line":109},"2":{"loc":{"start":{"line":136,"column":4},"end":{"line":152,"column":5}},"type":"if","locations":[{"start":{"line":136,"column":4},"end":{"line":152,"column":5}},{"start":{"line":136,"column":4},"end":{"line":152,"column":5}}],"line":136},"3":{"loc":{"start":{"line":138,"column":8},"end":{"line":139,"column":63}},"type":"binary-expr","locations":[{"start":{"line":138,"column":8},"end":{"line":138,"column":73}},{"start":{"line":139,"column":8},"end":{"line":139,"column":63}}],"line":138},"4":{"loc":{"start":{"line":141,"column":6},"end":{"line":151,"column":7}},"type":"if","locations":[{"start":{"line":141,"column":6},"end":{"line":151,"column":7}},{"start":{"line":141,"column":6},"end":{"line":151,"column":7}}],"line":141},"5":{"loc":{"start":{"line":143,"column":30},"end":{"line":143,"column":65}},"type":"cond-expr","locations":[{"start":{"line":143,"column":41},"end":{"line":143,"column":56}},{"start":{"line":143,"column":59},"end":{"line":143,"column":65}}],"line":143},"6":{"loc":{"start":{"line":144,"column":30},"end":{"line":144,"column":65}},"type":"cond-expr","locations":[{"start":{"line":144,"column":41},"end":{"line":144,"column":56}},{"start":{"line":144,"column":59},"end":{"line":144,"column":65}}],"line":144},"7":{"loc":{"start":{"line":146,"column":22},"end":{"line":146,"column":67}},"type":"cond-expr","locations":[{"start":{"line":146,"column":33},"end":{"line":146,"column":53}},{"start":{"line":146,"column":56},"end":{"line":146,"column":67}}],"line":146},"8":{"loc":{"start":{"line":183,"column":4},"end":{"line":198,"column":5}},"type":"if","locations":[{"start":{"line":183,"column":4},"end":{"line":198,"column":5}},{"start":{"line":183,"column":4},"end":{"line":198,"column":5}}],"line":183},"9":{"loc":{"start":{"line":203,"column":4},"end":{"line":205,"column":5}},"type":"if","locations":[{"start":{"line":203,"column":4},"end":{"line":205,"column":5}},{"start":{"line":203,"column":4},"end":{"line":205,"column":5}}],"line":203},"10":{"loc":{"start":{"line":217,"column":23},"end":{"line":217,"column":68}},"type":"cond-expr","locations":[{"start":{"line":217,"column":34},"end":{"line":217,"column":54}},{"start":{"line":217,"column":57},"end":{"line":217,"column":68}}],"line":217},"11":{"loc":{"start":{"line":229,"column":4},"end":{"line":232,"column":5}},"type":"if","locations":[{"start":{"line":229,"column":4},"end":{"line":232,"column":5}},{"start":{"line":229,"column":4},"end":{"line":232,"column":5}}],"line":229},"12":{"loc":{"start":{"line":240,"column":19},"end":{"line":240,"column":54}},"type":"cond-expr","locations":[{"start":{"line":240,"column":30},"end":{"line":240,"column":45}},{"start":{"line":240,"column":48},"end":{"line":240,"column":54}}],"line":240},"13":{"loc":{"start":{"line":241,"column":19},"end":{"line":241,"column":54}},"type":"cond-expr","locations":[{"start":{"line":241,"column":30},"end":{"line":241,"column":45}},{"start":{"line":241,"column":48},"end":{"line":241,"column":54}}],"line":241}},"s":{"0":4,"1":4,"2":4,"3":4,"4":4,"5":4,"6":4,"7":19,"8":19,"9":19,"10":19,"11":19,"12":4,"13":4,"14":15,"15":19,"16":19,"17":19,"18":19,"19":19,"20":19,"21":19,"22":19,"23":9,"24":9,"25":9,"26":9,"27":3,"28":3,"29":2,"30":2,"31":9,"32":9,"33":1,"34":1,"35":1,"36":1,"37":1,"38":1,"39":2,"40":2,"41":2,"42":1,"43":1,"44":1,"45":1,"46":1,"47":1,"48":1,"49":4,"50":3,"51":1,"52":2,"53":2,"54":2,"55":2,"56":2,"57":2,"58":2,"59":2,"60":1,"61":1,"62":1,"63":28,"64":28,"65":28,"66":28,"67":28,"68":74,"69":176,"70":56},"f":{"0":19,"1":9,"2":1,"3":1,"4":2,"5":4,"6":2,"7":2,"8":28,"9":74,"10":176,"11":56},"b":{"0":[4,15],"1":[19,5],"2":[3,6],"3":[3,3],"4":[2,1],"5":[1,1],"6":[1,1],"7":[1,1],"8":[1,1],"9":[3,1],"10":[1,1],"11":[1,1],"12":[6,22],"13":[6,22]},"_coverageSchema":"43e27e138ebf9cfc5966b082cf9a028302ed4184","hash":"bb43d6d4bfc659b88c24ed7b02278ab9bc456500"},"/home/travis/build/thibaudcolas/draftjs-filters/src/demo/components/SentryBoundary.js":{"path":"/home/travis/build/thibaudcolas/draftjs-filters/src/demo/components/SentryBoundary.js","statementMap":{"0":{"start":{"line":15,"column":4},"end":{"line":15,"column":16}},"1":{"start":{"line":16,"column":4},"end":{"line":16,"column":32}},"2":{"start":{"line":20,"column":29},"end":{"line":20,"column":43}},"3":{"start":{"line":21,"column":4},"end":{"line":21,"column":28}},"4":{"start":{"line":23,"column":4},"end":{"line":25,"column":5}},"5":{"start":{"line":24,"column":6},"end":{"line":24,"column":64}},"6":{"start":{"line":29,"column":25},"end":{"line":29,"column":35}},"7":{"start":{"line":30,"column":22},"end":{"line":30,"column":32}},"8":{"start":{"line":31,"column":29},"end":{"line":31,"column":43}},"9":{"start":{"line":33,"column":4},"end":{"line":81,"column":5}},"10":{"start":{"line":49,"column":22},"end":{"line":50,"column":53}},"11":{"start":{"line":70,"column":33},"end":{"line":70,"column":62}}},"fnMap":{"0":{"name":"(anonymous_0)","decl":{"start":{"line":14,"column":2},"end":{"line":14,"column":3}},"loc":{"start":{"line":14,"column":28},"end":{"line":17,"column":3}},"line":14},"1":{"name":"(anonymous_1)","decl":{"start":{"line":19,"column":2},"end":{"line":19,"column":3}},"loc":{"start":{"line":19,"column":73},"end":{"line":26,"column":3}},"line":19},"2":{"name":"(anonymous_2)","decl":{"start":{"line":28,"column":2},"end":{"line":28,"column":3}},"loc":{"start":{"line":28,"column":11},"end":{"line":82,"column":3}},"line":28},"3":{"name":"(anonymous_3)","decl":{"start":{"line":48,"column":29},"end":{"line":48,"column":30}},"loc":{"start":{"line":49,"column":22},"end":{"line":50,"column":53}},"line":49},"4":{"name":"(anonymous_4)","decl":{"start":{"line":70,"column":27},"end":{"line":70,"column":28}},"loc":{"start":{"line":70,"column":33},"end":{"line":70,"column":62}},"line":70}},"branchMap":{"0":{"loc":{"start":{"line":23,"column":4},"end":{"line":25,"column":5}},"type":"if","locations":[{"start":{"line":23,"column":4},"end":{"line":25,"column":5}},{"start":{"line":23,"column":4},"end":{"line":25,"column":5}}],"line":23},"1":{"loc":{"start":{"line":33,"column":11},"end":{"line":81,"column":5}},"type":"cond-expr","locations":[{"start":{"line":34,"column":6},"end":{"line":78,"column":12}},{"start":{"line":80,"column":6},"end":{"line":80,"column":14}}],"line":33},"2":{"loc":{"start":{"line":45,"column":17},"end":{"line":66,"column":17}},"type":"cond-expr","locations":[{"start":{"line":46,"column":18},"end":{"line":54,"column":27}},{"start":{"line":56,"column":18},"end":{"line":65,"column":22}}],"line":45},"3":{"loc":{"start":{"line":49,"column":22},"end":{"line":50,"column":53}},"type":"binary-expr","locations":[{"start":{"line":49,"column":22},"end":{"line":49,"column":48}},{"start":{"line":50,"column":22},"end":{"line":50,"column":53}}],"line":49}},"s":{"0":10,"1":10,"2":2,"3":2,"4":2,"5":1,"6":16,"7":16,"8":16,"9":16,"10":1,"11":1},"f":{"0":10,"1":2,"2":16,"3":1,"4":1},"b":{"0":[1,1],"1":[6,10],"2":[3,3],"3":[1,1]},"_coverageSchema":"43e27e138ebf9cfc5966b082cf9a028302ed4184","hash":"5d84ce3f6ff9ce59296db9023b16c484eabf27b7"},"/home/travis/build/thibaudcolas/draftjs-filters/src/demo/components/Highlight.js":{"path":"/home/travis/build/thibaudcolas/draftjs-filters/src/demo/components/Highlight.js","statementMap":{"0":{"start":{"line":9,"column":15},"end":{"line":18,"column":1}},"1":{"start":{"line":10,"column":17},"end":{"line":10,"column":51}},"2":{"start":{"line":11,"column":2},"end":{"line":11,"column":22}},"3":{"start":{"line":13,"column":2},"end":{"line":13,"column":35}},"4":{"start":{"line":14,"column":2},"end":{"line":14,"column":17}},"5":{"start":{"line":15,"column":2},"end":{"line":15,"column":30}},"6":{"start":{"line":17,"column":2},"end":{"line":17,"column":35}},"7":{"start":{"line":20,"column":18},"end":{"line":30,"column":1}},"8":{"start":{"line":21,"column":2},"end":{"line":29,"column":8}}},"fnMap":{"0":{"name":"(anonymous_0)","decl":{"start":{"line":9,"column":15},"end":{"line":9,"column":16}},"loc":{"start":{"line":9,"column":26},"end":{"line":18,"column":1}},"line":9},"1":{"name":"(anonymous_1)","decl":{"start":{"line":20,"column":18},"end":{"line":20,"column":19}},"loc":{"start":{"line":21,"column":2},"end":{"line":29,"column":8}},"line":21}},"branchMap":{},"s":{"0":5,"1":1,"2":1,"3":1,"4":1,"5":1,"6":1,"7":5,"8":5},"f":{"0":1,"1":5},"b":{},"_coverageSchema":"43e27e138ebf9cfc5966b082cf9a028302ed4184","hash":"0e0e2d83e12e8213239087f1f637731ba9bb23d8"},"/home/travis/build/thibaudcolas/draftjs-filters/src/demo/components/Link.js":{"path":"/home/travis/build/thibaudcolas/draftjs-filters/src/demo/components/Link.js","statementMap":{"0":{"start":{"line":13,"column":28},"end":{"line":25,"column":1}},"1":{"start":{"line":18,"column":2},"end":{"line":24,"column":14}},"2":{"start":{"line":19,"column":22},"end":{"line":19,"column":43}},"3":{"start":{"line":20,"column":4},"end":{"line":23,"column":5}},"4":{"start":{"line":27,"column":13},"end":{"line":34,"column":1}},"5":{"start":{"line":28,"column":17},"end":{"line":28,"column":50}},"6":{"start":{"line":29,"column":2},"end":{"line":33,"column":3}}},"fnMap":{"0":{"name":"(anonymous_0)","decl":{"start":{"line":13,"column":28},"end":{"line":13,"column":29}},"loc":{"start":{"line":17,"column":5},"end":{"line":25,"column":1}},"line":17},"1":{"name":"(anonymous_1)","decl":{"start":{"line":18,"column":32},"end":{"line":18,"column":33}},"loc":{"start":{"line":18,"column":47},"end":{"line":24,"column":3}},"line":18},"2":{"name":"(anonymous_2)","decl":{"start":{"line":27,"column":13},"end":{"line":27,"column":14}},"loc":{"start":{"line":27,"column":63},"end":{"line":34,"column":1}},"line":27}},"branchMap":{"0":{"loc":{"start":{"line":21,"column":6},"end":{"line":22,"column":60}},"type":"binary-expr","locations":[{"start":{"line":21,"column":6},"end":{"line":21,"column":24}},{"start":{"line":22,"column":6},"end":{"line":22,"column":60}}],"line":21}},"s":{"0":5,"1":6,"2":6,"3":6,"4":5,"5":1,"6":1},"f":{"0":6,"1":6,"2":1},"b":{"0":[6,2]},"_coverageSchema":"43e27e138ebf9cfc5966b082cf9a028302ed4184","hash":"f798f981593b20ed5a13eec9a243e4ae779ce05b"},"/home/travis/build/thibaudcolas/draftjs-filters/src/demo/components/Image.js":{"path":"/home/travis/build/thibaudcolas/draftjs-filters/src/demo/components/Image.js","statementMap":{"0":{"start":{"line":5,"column":14},"end":{"line":18,"column":1}},"1":{"start":{"line":12,"column":20},"end":{"line":12,"column":40}},"2":{"start":{"line":13,"column":14},"end":{"line":15,"column":15}},"3":{"start":{"line":17,"column":2},"end":{"line":17,"column":45}}},"fnMap":{"0":{"name":"(anonymous_0)","decl":{"start":{"line":5,"column":14},"end":{"line":5,"column":15}},"loc":{"start":{"line":11,"column":6},"end":{"line":18,"column":1}},"line":11}},"branchMap":{"0":{"loc":{"start":{"line":13,"column":14},"end":{"line":15,"column":15}},"type":"cond-expr","locations":[{"start":{"line":14,"column":6},"end":{"line":14,"column":53}},{"start":{"line":15,"column":6},"end":{"line":15,"column":15}}],"line":13}},"s":{"0":5,"1":2,"2":2,"3":2},"f":{"0":2},"b":{"0":[1,1]},"_coverageSchema":"43e27e138ebf9cfc5966b082cf9a028302ed4184","hash":"c771e5a2dcca8fc9fd601053232b3cf99e6bca9b"},"/home/travis/build/thibaudcolas/draftjs-filters/src/demo/index.js":{"path":"/home/travis/build/thibaudcolas/draftjs-filters/src/demo/index.js","statementMap":{"0":{"start":{"line":21,"column":14},"end":{"line":21,"column":45}},"1":{"start":{"line":23,"column":0},"end":{"line":25,"column":1}},"2":{"start":{"line":24,"column":2},"end":{"line":24,"column":33}}},"fnMap":{},"branchMap":{"0":{"loc":{"start":{"line":23,"column":0},"end":{"line":25,"column":1}},"type":"if","locations":[{"start":{"line":23,"column":0},"end":{"line":25,"column":1}},{"start":{"line":23,"column":0},"end":{"line":25,"column":1}}],"line":23}},"s":{"0":2,"1":2,"2":1},"f":{},"b":{"0":[1,1]},"_coverageSchema":"43e27e138ebf9cfc5966b082cf9a028302ed4184","hash":"b24bc9cf8bfcb96b8a7be9964471d5f1daad2af2"},"/home/travis/build/thibaudcolas/draftjs-filters/src/demo/components/App.js":{"path":"/home/travis/build/thibaudcolas/draftjs-filters/src/demo/components/App.js","statementMap":{"0":{"start":{"line":9,"column":4},"end":{"line":159,"column":5}}},"fnMap":{"0":{"name":"(anonymous_0)","decl":{"start":{"line":8,"column":2},"end":{"line":8,"column":3}},"loc":{"start":{"line":8,"column":11},"end":{"line":160,"column":3}},"line":8}},"branchMap":{},"s":{"0":2},"f":{"0":2},"b":{},"_coverageSchema":"43e27e138ebf9cfc5966b082cf9a028302ed4184","hash":"4edd45a2f3b0e30e7b47c104eb67f3eeba83a0da"},"/home/travis/build/thibaudcolas/draftjs-filters/src/tests/fixtures.js":{"path":"/home/travis/build/thibaudcolas/draftjs-filters/src/tests/fixtures.js","statementMap":{"0":{"start":{"line":4,"column":29},"end":{"line":21,"column":1}},"1":{"start":{"line":23,"column":26},"end":{"line":33,"column":1}},"2":{"start":{"line":35,"column":28},"end":{"line":45,"column":1}},"3":{"start":{"line":47,"column":26},"end":{"line":52,"column":1}},"4":{"start":{"line":54,"column":26},"end":{"line":61,"column":1}},"5":{"start":{"line":63,"column":23},"end":{"line":65,"column":1}}},"fnMap":{},"branchMap":{},"s":{"0":6,"1":6,"2":6,"3":6,"4":6,"5":6},"f":{},"b":{},"_coverageSchema":"43e27e138ebf9cfc5966b082cf9a028302ed4184","hash":"f9f9e68fb58b893b85206caeda3e8acbd67a2a04"},"/home/travis/build/thibaudcolas/draftjs-filters/src/index.js":{"path":"/home/travis/build/thibaudcolas/draftjs-filters/src/index.js","statementMap":{},"fnMap":{},"branchMap":{},"s":{},"f":{},"b":{},"_coverageSchema":"43e27e138ebf9cfc5966b082cf9a028302ed4184","hash":"7824c3e362eddbc48e380b7174c27c746706eea4"}}}